2025-03-31 11:16:33,214 - FinancePreprocessing - INFO - Started MLflow run with ID: 50c450bfd7b04a06a4f6b68825f58e49
2025-03-31 11:16:33,218 - FinancePreprocessing - INFO - Loading data from data/data.csv
2025-03-31 11:16:33,253 - FinancePreprocessing - INFO - Building preprocessing pipeline
2025-03-31 11:16:35,048 - FinancePreprocessing - INFO - Removing HTML tags
2025-03-31 11:16:35,215 - FinancePreprocessing - INFO - Removing URLs
2025-03-31 11:16:35,224 - FinancePreprocessing - INFO - Replacing currency symbols/abbreviations
2025-03-31 11:16:35,233 - FinancePreprocessing - INFO - Replacing stock tickers
2025-03-31 11:16:35,236 - FinancePreprocessing - INFO - Normalizing date and time expressions
2025-03-31 11:16:35,270 - FinancePreprocessing - INFO - Normalizing numeric expressions
2025-03-31 11:16:35,341 - FinancePreprocessing - INFO - Removing punctuation marks
2025-03-31 11:16:35,353 - FinancePreprocessing - INFO - Removing special characters
2025-03-31 11:16:35,371 - FinancePreprocessing - INFO - Normalizing whitespace
2025-03-31 11:16:35,411 - FinancePreprocessing - INFO - Lowercasing text
2025-03-31 11:16:35,422 - FinancePreprocessing - INFO - Removing stop words
2025-03-31 11:16:35,448 - FinancePreprocessing - INFO - Loading FinBERT tokenizer from ProsusAI/finbert
2025-03-31 11:16:37,782 - FinancePreprocessing - INFO - Tokenizing text using FinBERT tokenizer
2025-03-31 11:16:39,310 - FinancePreprocessing - INFO - Loading spaCy model en_core_web_sm
2025-03-31 11:16:39,836 - FinancePreprocessing - INFO - Lemmatizing text using spaCy
2025-03-31 11:17:12,342 - FinancePreprocessing - INFO - Padding/truncating sequences to length 128
2025-03-31 11:17:12,678 - FinancePreprocessing - INFO - Preprocessing completed in 37.61 seconds
2025-03-31 11:17:12,800 - FinancePreprocessing - INFO - Processed data saved to data/processed_data.csv
2025-03-31 11:17:12,959 - FinancePreprocessing - INFO - Preprocessing pipeline serialized to data/preprocessing_pipeline.pkl
2025-03-31 11:17:12,976 - FinancePreprocessing - INFO - Preprocessing completed successfully
2025-03-31 11:48:15,099 - FinancePreprocessing - INFO - Started MLflow run with ID: 5cbea4d8d6074ecb861230f84772219f
2025-03-31 11:48:15,102 - FinancePreprocessing - INFO - Loading data from data/data.csv
2025-03-31 11:48:15,134 - FinancePreprocessing - INFO - Building preprocessing pipeline
2025-03-31 11:48:16,021 - FinancePreprocessing - INFO - Removing HTML tags
2025-03-31 11:48:16,187 - FinancePreprocessing - INFO - Removing URLs
2025-03-31 11:48:16,196 - FinancePreprocessing - INFO - Replacing currency symbols/abbreviations
2025-03-31 11:48:16,206 - FinancePreprocessing - INFO - Replacing stock tickers
2025-03-31 11:48:16,209 - FinancePreprocessing - INFO - Normalizing date and time expressions
2025-03-31 11:48:16,243 - FinancePreprocessing - INFO - Normalizing numeric expressions
2025-03-31 11:48:16,347 - FinancePreprocessing - INFO - Removing punctuation marks
2025-03-31 11:48:16,362 - FinancePreprocessing - INFO - Removing special characters
2025-03-31 11:48:16,380 - FinancePreprocessing - INFO - Normalizing whitespace
2025-03-31 11:48:16,422 - FinancePreprocessing - INFO - Lowercasing text
2025-03-31 11:48:16,434 - FinancePreprocessing - INFO - Removing stop words
2025-03-31 11:48:16,460 - FinancePreprocessing - INFO - Cleaned text (pre-tokenization) saved to data/cleaned_text.csv
2025-03-31 11:48:16,486 - FinancePreprocessing - INFO - Loading FinBERT tokenizer from ProsusAI/finbert
2025-03-31 11:48:16,857 - FinancePreprocessing - INFO - Tokenizing text using FinBERT tokenizer
2025-03-31 11:48:18,442 - FinancePreprocessing - INFO - Loading spaCy model en_core_web_sm
2025-03-31 11:48:18,974 - FinancePreprocessing - INFO - Lemmatizing text using spaCy
2025-03-31 11:48:53,481 - FinancePreprocessing - INFO - Padding/truncating sequences to length 128
2025-03-31 11:48:53,795 - FinancePreprocessing - INFO - Preprocessing completed in 37.77 seconds
2025-03-31 11:48:53,910 - FinancePreprocessing - INFO - Processed data saved to data/processed_data.csv
2025-03-31 11:48:54,069 - FinancePreprocessing - INFO - Preprocessing pipeline serialized to data/preprocessing_pipeline.pkl
2025-03-31 11:48:54,089 - FinancePreprocessing - INFO - Preprocessing completed successfully
2025-03-31 11:53:00,419 - FinancePreprocessing - INFO - Started MLflow run with ID: 3250a287417946ea946f572fb8ca543d
2025-03-31 11:53:00,421 - FinancePreprocessing - INFO - Loading data from data/data.csv
2025-03-31 11:53:00,439 - FinancePreprocessing - INFO - Building preprocessing pipeline
2025-03-31 11:53:01,116 - FinancePreprocessing - INFO - Removing HTML tags
2025-03-31 11:53:01,279 - FinancePreprocessing - INFO - Removing URLs
2025-03-31 11:53:01,288 - FinancePreprocessing - INFO - Replacing currency symbols/abbreviations
2025-03-31 11:53:01,297 - FinancePreprocessing - INFO - Replacing stock tickers
2025-03-31 11:53:01,300 - FinancePreprocessing - INFO - Normalizing date and time expressions
2025-03-31 11:53:01,332 - FinancePreprocessing - INFO - Normalizing numeric expressions
2025-03-31 11:53:01,395 - FinancePreprocessing - INFO - Removing punctuation marks
2025-03-31 11:53:01,405 - FinancePreprocessing - INFO - Removing special characters
2025-03-31 11:53:01,420 - FinancePreprocessing - INFO - Normalizing whitespace
2025-03-31 11:53:01,456 - FinancePreprocessing - INFO - Lowercasing text
2025-03-31 11:53:01,466 - FinancePreprocessing - INFO - Removing stop words
2025-03-31 11:53:01,505 - FinancePreprocessing - INFO - Cleaned text (pre-tokenization) saved to data/cleaned_text.csv
2025-03-31 11:53:01,505 - FinancePreprocessing - INFO - Loading FinBERT tokenizer from ProsusAI/finbert
2025-03-31 11:53:01,821 - FinancePreprocessing - INFO - Tokenizing text using FinBERT tokenizer
2025-03-31 11:53:03,454 - FinancePreprocessing - INFO - Loading spaCy model en_core_web_sm
2025-03-31 11:53:03,942 - FinancePreprocessing - INFO - Lemmatizing text using spaCy
2025-03-31 11:53:44,892 - FinancePreprocessing - INFO - Padding/truncating sequences to length 128
2025-03-31 11:53:45,252 - FinancePreprocessing - INFO - Preprocessing completed in 44.13 seconds
2025-03-31 11:53:45,381 - FinancePreprocessing - INFO - Processed data saved to data/processed_data.csv
2025-03-31 11:53:45,584 - FinancePreprocessing - INFO - Preprocessing pipeline serialized to data/preprocessing_pipeline.pkl
2025-03-31 11:53:45,608 - FinancePreprocessing - INFO - Preprocessing completed successfully
2025-03-31 12:07:44,388 - FinancePreprocessing - INFO - Started MLflow run with ID: 6fdfabc5ae2e41b89b0f7852239bf11a
2025-03-31 12:07:44,391 - FinancePreprocessing - INFO - Loading data from data/data.csv
2025-03-31 12:07:44,413 - FinancePreprocessing - INFO - Building preprocessing pipeline
2025-03-31 12:07:44,416 - FinancePreprocessing - ERROR - Error in preprocessing: unbalanced parenthesis at position 599
2025-03-31 12:07:44,416 - FinancePreprocessing - ERROR - Error in main: unbalanced parenthesis at position 599
2025-03-31 12:51:01,013 - FinancePreprocessing - INFO - Started MLflow run with ID: 38d5f2f2a8bf43d793d69ca2e09dc7c4
2025-03-31 12:51:01,017 - FinancePreprocessing - INFO - Loading data from data/data.csv
2025-03-31 12:51:01,039 - FinancePreprocessing - INFO - Building preprocessing pipeline
2025-03-31 12:51:01,900 - FinancePreprocessing - INFO - Removing HTML tags
2025-03-31 12:51:02,066 - FinancePreprocessing - INFO - Removing URLs
2025-03-31 12:51:02,075 - FinancePreprocessing - INFO - Replacing currency symbols/abbreviations
2025-03-31 12:51:02,086 - FinancePreprocessing - INFO - Replacing stock tickers
2025-03-31 12:51:02,089 - FinancePreprocessing - INFO - Normalizing date and time expressions
2025-03-31 12:51:02,158 - FinancePreprocessing - INFO - Normalizing numeric expressions
2025-03-31 12:51:02,223 - FinancePreprocessing - INFO - Removing punctuation marks
2025-03-31 12:51:02,233 - FinancePreprocessing - INFO - Removing special characters
2025-03-31 12:51:02,248 - FinancePreprocessing - INFO - Normalizing whitespace
2025-03-31 12:51:02,284 - FinancePreprocessing - INFO - Lowercasing text
2025-03-31 12:51:02,294 - FinancePreprocessing - INFO - Removing stop words
2025-03-31 12:51:02,334 - FinancePreprocessing - INFO - Cleaned text (pre-tokenization) saved to data/cleaned_text.csv
2025-03-31 12:51:02,334 - FinancePreprocessing - INFO - Loading FinBERT tokenizer from ProsusAI/finbert
2025-03-31 12:51:02,754 - FinancePreprocessing - INFO - Tokenizing text using FinBERT tokenizer
2025-03-31 12:51:04,304 - FinancePreprocessing - INFO - Loading spaCy model en_core_web_sm
2025-03-31 12:51:04,836 - FinancePreprocessing - INFO - Lemmatizing text using spaCy
2025-03-31 12:51:44,532 - FinancePreprocessing - INFO - Padding/truncating sequences to length 128
2025-03-31 12:51:44,850 - FinancePreprocessing - INFO - Preprocessing completed in 42.95 seconds
2025-03-31 12:51:44,968 - FinancePreprocessing - INFO - Processed data saved to data/processed_data.csv
2025-03-31 12:51:45,135 - FinancePreprocessing - INFO - Preprocessing pipeline serialized to data/preprocessing_pipeline.pkl
2025-03-31 12:51:45,155 - FinancePreprocessing - INFO - Preprocessing completed successfully
2025-03-31 12:54:25,927 - FinancePreprocessing - INFO - Started MLflow run with ID: 24e30fdde71249038af590af21817ba5
2025-03-31 12:54:25,929 - FinancePreprocessing - INFO - Loading data from data/data.csv
2025-03-31 12:54:25,950 - FinancePreprocessing - INFO - Building preprocessing pipeline
2025-03-31 12:54:26,595 - FinancePreprocessing - INFO - Removing HTML tags
2025-03-31 12:54:26,753 - FinancePreprocessing - INFO - Removing URLs
2025-03-31 12:54:26,762 - FinancePreprocessing - INFO - Replacing currency symbols/abbreviations
2025-03-31 12:54:26,772 - FinancePreprocessing - INFO - Replacing stock tickers
2025-03-31 12:54:26,775 - FinancePreprocessing - INFO - Normalizing date and time expressions
2025-03-31 12:54:26,829 - FinancePreprocessing - INFO - Normalizing numeric expressions
2025-03-31 12:54:26,893 - FinancePreprocessing - INFO - Removing punctuation marks
2025-03-31 12:54:26,903 - FinancePreprocessing - INFO - Removing special characters
2025-03-31 12:54:26,917 - FinancePreprocessing - INFO - Normalizing whitespace
2025-03-31 12:54:26,953 - FinancePreprocessing - INFO - Lowercasing text
2025-03-31 12:54:26,963 - FinancePreprocessing - INFO - Removing stop words
2025-03-31 12:54:27,002 - FinancePreprocessing - INFO - Cleaned text (pre-tokenization) saved to data/cleaned_text.csv
2025-03-31 12:54:27,002 - FinancePreprocessing - INFO - Loading FinBERT tokenizer from ProsusAI/finbert
2025-03-31 12:54:27,636 - FinancePreprocessing - INFO - Tokenizing text using FinBERT tokenizer
2025-03-31 12:54:29,332 - FinancePreprocessing - INFO - Loading spaCy model en_core_web_sm
2025-03-31 12:54:29,838 - FinancePreprocessing - INFO - Lemmatizing text using spaCy
2025-03-31 12:55:08,276 - FinancePreprocessing - INFO - Padding/truncating sequences to length 128
2025-03-31 12:55:08,593 - FinancePreprocessing - INFO - Preprocessing completed in 42.00 seconds
2025-03-31 12:55:08,717 - FinancePreprocessing - INFO - Processed data saved to data/processed_data.csv
2025-03-31 12:55:08,876 - FinancePreprocessing - INFO - Preprocessing pipeline serialized to data/preprocessing_pipeline.pkl
2025-03-31 12:55:08,897 - FinancePreprocessing - INFO - Preprocessing completed successfully
2025-03-31 12:55:33,641 - FinancePreprocessing - INFO - Started MLflow run with ID: a7cd9275594a47fbb2f17354dfbbe9b7
2025-03-31 12:55:33,643 - FinancePreprocessing - INFO - Loading data from data/data.csv
2025-03-31 12:55:33,662 - FinancePreprocessing - INFO - Building preprocessing pipeline
2025-03-31 12:55:34,292 - FinancePreprocessing - INFO - Removing HTML tags
2025-03-31 12:55:34,447 - FinancePreprocessing - INFO - Removing URLs
2025-03-31 12:55:34,456 - FinancePreprocessing - INFO - Replacing currency symbols/abbreviations
2025-03-31 12:55:34,465 - FinancePreprocessing - INFO - Replacing stock tickers
2025-03-31 12:55:34,468 - FinancePreprocessing - INFO - Normalizing date and time expressions
2025-03-31 12:55:34,519 - FinancePreprocessing - INFO - Normalizing numeric expressions
2025-03-31 12:55:34,581 - FinancePreprocessing - INFO - Removing punctuation marks
2025-03-31 12:55:34,591 - FinancePreprocessing - INFO - Removing special characters
2025-03-31 12:55:34,607 - FinancePreprocessing - INFO - Normalizing whitespace
2025-03-31 12:55:34,643 - FinancePreprocessing - INFO - Lowercasing text
2025-03-31 12:55:34,653 - FinancePreprocessing - INFO - Removing stop words
2025-03-31 12:55:34,692 - FinancePreprocessing - INFO - Cleaned text (pre-tokenization) saved to data/cleaned_text.csv
2025-03-31 12:55:34,693 - FinancePreprocessing - INFO - Loading FinBERT tokenizer from ProsusAI/finbert
2025-03-31 12:55:34,952 - FinancePreprocessing - INFO - Tokenizing text using FinBERT tokenizer
2025-03-31 12:55:36,515 - FinancePreprocessing - INFO - Loading spaCy model en_core_web_sm
2025-03-31 12:55:36,979 - FinancePreprocessing - INFO - Lemmatizing text using spaCy
2025-03-31 12:56:13,395 - FinancePreprocessing - INFO - Padding/truncating sequences to length 128
2025-03-31 12:56:13,711 - FinancePreprocessing - INFO - Preprocessing completed in 39.42 seconds
2025-03-31 12:56:13,831 - FinancePreprocessing - INFO - Processed data saved to data/processed_data.csv
2025-03-31 12:56:13,990 - FinancePreprocessing - INFO - Preprocessing pipeline serialized to data/preprocessing_pipeline.pkl
2025-03-31 12:56:14,008 - FinancePreprocessing - INFO - Preprocessing completed successfully
2025-03-31 12:56:46,904 - FinancePreprocessing - INFO - Started MLflow run with ID: 8266c1c48b8c472cbaa4dad540ac0714
2025-03-31 12:56:46,907 - FinancePreprocessing - INFO - Loading data from data/data.csv
2025-03-31 12:56:46,925 - FinancePreprocessing - INFO - Building preprocessing pipeline
2025-03-31 12:56:46,928 - FinancePreprocessing - ERROR - Error in preprocessing: bad character range /-. at position 377
2025-03-31 12:56:46,928 - FinancePreprocessing - ERROR - Error in main: bad character range /-. at position 377
2025-03-31 12:58:50,322 - FinancePreprocessing - INFO - Started MLflow run with ID: 01268afe04e94b509df466e0becad690
2025-03-31 12:58:50,325 - FinancePreprocessing - INFO - Loading data from data/data.csv
2025-03-31 12:58:50,342 - FinancePreprocessing - INFO - Building preprocessing pipeline
2025-03-31 12:58:50,672 - FinancePreprocessing - INFO - Removing HTML tags
2025-03-31 12:58:50,841 - FinancePreprocessing - INFO - Removing URLs
2025-03-31 12:58:50,850 - FinancePreprocessing - INFO - Replacing currency symbols/abbreviations
2025-03-31 12:58:50,859 - FinancePreprocessing - INFO - Replacing stock tickers
2025-03-31 12:58:50,862 - FinancePreprocessing - INFO - Normalizing date and time expressions
2025-03-31 12:58:50,913 - FinancePreprocessing - INFO - Normalizing numeric expressions
2025-03-31 12:58:50,980 - FinancePreprocessing - INFO - Removing punctuation marks
2025-03-31 12:58:50,991 - FinancePreprocessing - INFO - Removing special characters
2025-03-31 12:58:51,007 - FinancePreprocessing - INFO - Normalizing whitespace
2025-03-31 12:58:51,049 - FinancePreprocessing - INFO - Lowercasing text
2025-03-31 12:58:51,062 - FinancePreprocessing - INFO - Removing stop words
2025-03-31 12:58:51,106 - FinancePreprocessing - INFO - Cleaned text (pre-tokenization) saved to data/cleaned_text.csv
2025-03-31 12:58:51,107 - FinancePreprocessing - INFO - Loading FinBERT tokenizer from ProsusAI/finbert
2025-03-31 12:58:51,729 - FinancePreprocessing - INFO - Tokenizing text using FinBERT tokenizer
2025-03-31 12:58:53,312 - FinancePreprocessing - INFO - Loading spaCy model en_core_web_sm
2025-03-31 12:58:53,781 - FinancePreprocessing - INFO - Lemmatizing text using spaCy
2025-03-31 12:59:32,259 - FinancePreprocessing - INFO - Padding/truncating sequences to length 128
2025-03-31 12:59:32,570 - FinancePreprocessing - INFO - Preprocessing completed in 41.90 seconds
2025-03-31 12:59:32,684 - FinancePreprocessing - INFO - Processed data saved to data/processed_data.csv
2025-03-31 12:59:32,836 - FinancePreprocessing - INFO - Preprocessing pipeline serialized to data/preprocessing_pipeline.pkl
2025-03-31 12:59:32,851 - FinancePreprocessing - INFO - Preprocessing completed successfully
2025-03-31 13:03:24,936 - FinancePreprocessing - INFO - Started MLflow run with ID: 57b8815f51d14380abe8536fbf14ecc9
2025-03-31 13:03:24,938 - FinancePreprocessing - INFO - Loading data from data/data.csv
2025-03-31 13:03:24,957 - FinancePreprocessing - INFO - Building preprocessing pipeline
2025-03-31 13:03:25,523 - FinancePreprocessing - INFO - Removing HTML tags
2025-03-31 13:03:25,685 - FinancePreprocessing - INFO - Removing URLs
2025-03-31 13:03:25,694 - FinancePreprocessing - INFO - Replacing currency symbols/abbreviations
2025-03-31 13:03:25,705 - FinancePreprocessing - INFO - Replacing stock tickers
2025-03-31 13:03:25,708 - FinancePreprocessing - INFO - Normalizing date and time expressions
2025-03-31 13:03:25,784 - FinancePreprocessing - INFO - Normalizing numeric expressions
2025-03-31 13:03:25,846 - FinancePreprocessing - INFO - Removing punctuation marks
2025-03-31 13:03:25,855 - FinancePreprocessing - INFO - Removing special characters
2025-03-31 13:03:25,871 - FinancePreprocessing - INFO - Normalizing whitespace
2025-03-31 13:03:25,906 - FinancePreprocessing - INFO - Lowercasing text
2025-03-31 13:03:25,917 - FinancePreprocessing - INFO - Removing stop words
2025-03-31 13:03:25,958 - FinancePreprocessing - INFO - Cleaned text (pre-tokenization) saved to data/cleaned_text.csv
2025-03-31 13:03:25,958 - FinancePreprocessing - INFO - Loading FinBERT tokenizer from ProsusAI/finbert
2025-03-31 13:03:26,566 - FinancePreprocessing - INFO - Tokenizing text using FinBERT tokenizer
2025-03-31 13:03:28,130 - FinancePreprocessing - INFO - Loading spaCy model en_core_web_sm
2025-03-31 13:03:28,601 - FinancePreprocessing - INFO - Lemmatizing text using spaCy
2025-03-31 13:04:06,353 - FinancePreprocessing - INFO - Padding/truncating sequences to length 128
2025-03-31 13:04:06,694 - FinancePreprocessing - INFO - Preprocessing completed in 41.17 seconds
2025-03-31 13:04:06,810 - FinancePreprocessing - INFO - Processed data saved to data/processed_data.csv
2025-03-31 13:04:06,965 - FinancePreprocessing - INFO - Preprocessing pipeline serialized to data/preprocessing_pipeline.pkl
2025-03-31 13:04:06,982 - FinancePreprocessing - INFO - Preprocessing completed successfully
2025-03-31 13:10:23,784 - FinancePreprocessing - INFO - Started MLflow run with ID: 6ed9863fc01646d7b301028fe21f4ad5
2025-03-31 13:10:23,786 - FinancePreprocessing - INFO - Loading data from data/data.csv
2025-03-31 13:10:23,805 - FinancePreprocessing - INFO - Building preprocessing pipeline
2025-03-31 13:10:24,514 - FinancePreprocessing - INFO - Removing HTML tags
2025-03-31 13:10:24,676 - FinancePreprocessing - INFO - Removing URLs
2025-03-31 13:10:24,685 - FinancePreprocessing - INFO - Replacing currency symbols/abbreviations
2025-03-31 13:10:24,695 - FinancePreprocessing - INFO - Replacing stock tickers
2025-03-31 13:10:24,698 - FinancePreprocessing - INFO - Normalizing date and time expressions
2025-03-31 13:10:24,814 - FinancePreprocessing - INFO - Normalizing numeric expressions
2025-03-31 13:10:24,891 - FinancePreprocessing - INFO - Removing punctuation marks
2025-03-31 13:10:24,905 - FinancePreprocessing - INFO - Removing special characters
2025-03-31 13:10:24,922 - FinancePreprocessing - INFO - Normalizing whitespace
2025-03-31 13:10:24,961 - FinancePreprocessing - INFO - Lowercasing text
2025-03-31 13:10:24,973 - FinancePreprocessing - INFO - Removing stop words
2025-03-31 13:10:25,015 - FinancePreprocessing - INFO - Cleaned text (pre-tokenization) saved to data/cleaned_text.csv
2025-03-31 13:10:25,016 - FinancePreprocessing - INFO - Loading FinBERT tokenizer from ProsusAI/finbert
2025-03-31 13:10:25,344 - FinancePreprocessing - INFO - Tokenizing text using FinBERT tokenizer
2025-03-31 13:10:26,943 - FinancePreprocessing - INFO - Loading spaCy model en_core_web_sm
2025-03-31 13:10:27,422 - FinancePreprocessing - INFO - Lemmatizing text using spaCy
2025-03-31 13:11:07,356 - FinancePreprocessing - INFO - Padding/truncating sequences to length 128
2025-03-31 13:11:07,447 - FinancePreprocessing - INFO - Preprocessing completed in 42.93 seconds
2025-03-31 13:11:07,826 - FinancePreprocessing - INFO - Processed data saved to data/processed_data.csv
2025-03-31 13:11:07,994 - FinancePreprocessing - INFO - Preprocessing pipeline serialized to data/preprocessing_pipeline.pkl
2025-03-31 13:11:08,013 - FinancePreprocessing - INFO - Preprocessing completed successfully
2025-03-31 13:13:20,335 - FinancePreprocessing - INFO - Started MLflow run with ID: 09026f523c614f6382e0fb3a2fcdb234
2025-03-31 13:13:20,338 - FinancePreprocessing - INFO - Loading data from data/data.csv
2025-03-31 13:13:20,358 - FinancePreprocessing - INFO - Building preprocessing pipeline
2025-03-31 13:13:20,360 - FinancePreprocessing - ERROR - Error in preprocessing: compile() takes from 1 to 2 positional arguments but 3 were given
2025-03-31 13:13:20,361 - FinancePreprocessing - ERROR - Error in main: compile() takes from 1 to 2 positional arguments but 3 were given
2025-03-31 13:13:48,725 - FinancePreprocessing - INFO - Started MLflow run with ID: 8d3e9910680148efaf32486475401270
2025-03-31 13:13:48,727 - FinancePreprocessing - INFO - Loading data from data/data.csv
2025-03-31 13:13:48,745 - FinancePreprocessing - INFO - Building preprocessing pipeline
2025-03-31 13:13:48,751 - FinancePreprocessing - ERROR - Error in preprocessing: look-behind requires fixed-width pattern
2025-03-31 13:13:48,751 - FinancePreprocessing - ERROR - Error in main: look-behind requires fixed-width pattern
2025-03-31 13:15:25,905 - FinancePreprocessing - INFO - Started MLflow run with ID: cddb3a6b99eb4e0781528d4cfbab6791
2025-03-31 13:15:25,907 - FinancePreprocessing - INFO - Loading data from data/data.csv
2025-03-31 13:15:25,923 - FinancePreprocessing - INFO - Building preprocessing pipeline
2025-03-31 13:15:26,667 - FinancePreprocessing - INFO - Removing HTML tags
2025-03-31 13:15:26,824 - FinancePreprocessing - INFO - Removing URLs
2025-03-31 13:15:26,833 - FinancePreprocessing - INFO - Replacing currency symbols/abbreviations
2025-03-31 13:15:26,844 - FinancePreprocessing - INFO - Replacing stock tickers
2025-03-31 13:15:26,849 - FinancePreprocessing - INFO - Normalizing date and time expressions
2025-03-31 13:15:26,965 - FinancePreprocessing - INFO - Normalizing numeric expressions
2025-03-31 13:15:27,026 - FinancePreprocessing - INFO - Removing punctuation marks
2025-03-31 13:15:27,036 - FinancePreprocessing - INFO - Removing special characters
2025-03-31 13:15:27,051 - FinancePreprocessing - INFO - Normalizing whitespace
2025-03-31 13:15:27,087 - FinancePreprocessing - INFO - Lowercasing text
2025-03-31 13:15:27,098 - FinancePreprocessing - INFO - Removing stop words
2025-03-31 13:15:27,139 - FinancePreprocessing - INFO - Cleaned text (pre-tokenization) saved to data/cleaned_text.csv
2025-03-31 13:15:27,140 - FinancePreprocessing - INFO - Loading FinBERT tokenizer from ProsusAI/finbert
2025-03-31 13:15:27,474 - FinancePreprocessing - INFO - Tokenizing text using FinBERT tokenizer
2025-03-31 13:15:29,027 - FinancePreprocessing - INFO - Loading spaCy model en_core_web_sm
2025-03-31 13:15:29,523 - FinancePreprocessing - INFO - Lemmatizing text using spaCy
2025-03-31 13:16:08,664 - FinancePreprocessing - INFO - Padding/truncating sequences to length 128
2025-03-31 13:16:08,978 - FinancePreprocessing - INFO - Preprocessing completed in 42.31 seconds
2025-03-31 13:16:09,095 - FinancePreprocessing - INFO - Processed data saved to data/processed_data.csv
2025-03-31 13:16:09,239 - FinancePreprocessing - INFO - Preprocessing pipeline serialized to data/preprocessing_pipeline.pkl
2025-03-31 13:16:09,255 - FinancePreprocessing - INFO - Preprocessing completed successfully
2025-03-31 13:16:25,249 - FinancePreprocessing - INFO - Started MLflow run with ID: 12a33ca2c7774b2ebabe249b140079e7
2025-03-31 13:16:25,252 - FinancePreprocessing - INFO - Loading data from data/data.csv
2025-03-31 13:16:25,270 - FinancePreprocessing - INFO - Building preprocessing pipeline
2025-03-31 13:16:25,905 - FinancePreprocessing - INFO - Removing HTML tags
2025-03-31 13:16:26,080 - FinancePreprocessing - INFO - Removing URLs
2025-03-31 13:16:26,089 - FinancePreprocessing - INFO - Replacing currency symbols/abbreviations
2025-03-31 13:16:26,098 - FinancePreprocessing - INFO - Replacing stock tickers
2025-03-31 13:16:26,101 - FinancePreprocessing - INFO - Normalizing date and time expressions
2025-03-31 13:16:26,349 - FinancePreprocessing - INFO - Normalizing numeric expressions
2025-03-31 13:16:26,461 - FinancePreprocessing - INFO - Removing punctuation marks
2025-03-31 13:16:26,478 - FinancePreprocessing - INFO - Removing special characters
2025-03-31 13:16:26,503 - FinancePreprocessing - INFO - Normalizing whitespace
2025-03-31 13:16:26,556 - FinancePreprocessing - INFO - Lowercasing text
2025-03-31 13:16:26,643 - FinancePreprocessing - INFO - Removing stop words
2025-03-31 13:16:26,783 - FinancePreprocessing - INFO - Cleaned text (pre-tokenization) saved to data/cleaned_text.csv
2025-03-31 13:16:26,784 - FinancePreprocessing - INFO - Loading FinBERT tokenizer from ProsusAI/finbert
2025-03-31 13:16:27,664 - FinancePreprocessing - INFO - Tokenizing text using FinBERT tokenizer
2025-03-31 13:16:39,519 - FinancePreprocessing - INFO - Loading spaCy model en_core_web_sm
2025-03-31 13:16:40,035 - FinancePreprocessing - INFO - Lemmatizing text using spaCy
2025-03-31 13:19:21,428 - FinancePreprocessing - INFO - Started MLflow run with ID: c5352df23e9144928d337fbb3f465f6e
2025-03-31 13:19:21,431 - FinancePreprocessing - INFO - Loading data from data/data.csv
2025-03-31 13:19:21,452 - FinancePreprocessing - INFO - Building preprocessing pipeline
2025-03-31 13:19:22,102 - FinancePreprocessing - INFO - Removing HTML tags
2025-03-31 13:19:22,256 - FinancePreprocessing - INFO - Removing URLs
2025-03-31 13:19:22,266 - FinancePreprocessing - INFO - Replacing currency symbols/abbreviations
2025-03-31 13:19:22,276 - FinancePreprocessing - INFO - Replacing stock tickers
2025-03-31 13:19:22,279 - FinancePreprocessing - INFO - Normalizing date and time expressions
2025-03-31 13:19:22,393 - FinancePreprocessing - INFO - Normalizing numeric expressions
2025-03-31 13:19:22,455 - FinancePreprocessing - INFO - Removing punctuation marks
2025-03-31 13:19:22,466 - FinancePreprocessing - INFO - Removing special characters
2025-03-31 13:19:22,482 - FinancePreprocessing - INFO - Normalizing whitespace
2025-03-31 13:19:22,520 - FinancePreprocessing - INFO - Lowercasing text
2025-03-31 13:19:22,530 - FinancePreprocessing - INFO - Removing stop words
2025-03-31 13:19:22,568 - FinancePreprocessing - INFO - Cleaned text (pre-tokenization) saved to data/cleaned_text.csv
2025-03-31 13:19:22,569 - FinancePreprocessing - INFO - Loading FinBERT tokenizer from ProsusAI/finbert
2025-03-31 13:19:22,876 - FinancePreprocessing - INFO - Tokenizing text using FinBERT tokenizer
2025-03-31 13:19:24,367 - FinancePreprocessing - INFO - Loading spaCy model en_core_web_sm
2025-03-31 13:19:24,837 - FinancePreprocessing - INFO - Lemmatizing text using spaCy
2025-03-31 13:20:03,769 - FinancePreprocessing - INFO - Padding/truncating sequences to length 128
2025-03-31 13:20:04,081 - FinancePreprocessing - INFO - Preprocessing completed in 41.98 seconds
2025-03-31 13:20:04,199 - FinancePreprocessing - INFO - Processed data saved to data/processed_data.csv
2025-03-31 13:20:04,358 - FinancePreprocessing - INFO - Preprocessing pipeline serialized to data/preprocessing_pipeline.pkl
2025-03-31 13:20:04,374 - FinancePreprocessing - INFO - Preprocessing completed successfully
2025-03-31 13:20:39,629 - FinancePreprocessing - INFO - Started MLflow run with ID: fe47092b9bb7428bb99447cbf0e273cb
2025-03-31 13:20:39,631 - FinancePreprocessing - INFO - Loading data from data/data.csv
2025-03-31 13:20:39,648 - FinancePreprocessing - INFO - Building preprocessing pipeline
2025-03-31 13:20:40,280 - FinancePreprocessing - INFO - Removing HTML tags
2025-03-31 13:20:40,441 - FinancePreprocessing - INFO - Removing URLs
2025-03-31 13:20:40,450 - FinancePreprocessing - INFO - Replacing currency symbols/abbreviations
2025-03-31 13:20:40,459 - FinancePreprocessing - INFO - Replacing stock tickers
2025-03-31 13:20:40,462 - FinancePreprocessing - INFO - Normalizing date and time expressions
2025-03-31 13:20:40,571 - FinancePreprocessing - INFO - Normalizing numeric expressions
2025-03-31 13:20:40,634 - FinancePreprocessing - INFO - Removing punctuation marks
2025-03-31 13:20:40,643 - FinancePreprocessing - INFO - Removing special characters
2025-03-31 13:20:40,659 - FinancePreprocessing - INFO - Normalizing whitespace
2025-03-31 13:20:40,695 - FinancePreprocessing - INFO - Lowercasing text
2025-03-31 13:20:40,706 - FinancePreprocessing - INFO - Removing stop words
2025-03-31 13:20:40,746 - FinancePreprocessing - INFO - Cleaned text (pre-tokenization) saved to data/cleaned_text.csv
2025-03-31 13:20:40,746 - FinancePreprocessing - INFO - Loading FinBERT tokenizer from ProsusAI/finbert
2025-03-31 13:20:42,105 - FinancePreprocessing - INFO - Tokenizing text using FinBERT tokenizer
2025-03-31 13:20:43,806 - FinancePreprocessing - INFO - Loading spaCy model en_core_web_sm
2025-03-31 13:20:44,295 - FinancePreprocessing - INFO - Lemmatizing text using spaCy
2025-03-31 13:21:22,434 - FinancePreprocessing - INFO - Padding/truncating sequences to length 128
2025-03-31 13:21:22,742 - FinancePreprocessing - INFO - Preprocessing completed in 42.46 seconds
2025-03-31 13:21:22,889 - FinancePreprocessing - INFO - Processed data saved to data/processed_data.csv
2025-03-31 13:21:23,044 - FinancePreprocessing - INFO - Preprocessing pipeline serialized to data/preprocessing_pipeline.pkl
2025-03-31 13:21:23,061 - FinancePreprocessing - INFO - Preprocessing completed successfully
2025-03-31 13:24:38,615 - FinancePreprocessing - INFO - Started MLflow run with ID: 65659d8f3f3246d4bae1102b1bcad441
2025-03-31 13:24:38,617 - FinancePreprocessing - INFO - Loading data from data/data.csv
2025-03-31 13:24:38,635 - FinancePreprocessing - INFO - Building preprocessing pipeline
2025-03-31 13:24:39,279 - FinancePreprocessing - INFO - Removing HTML tags
2025-03-31 13:24:39,440 - FinancePreprocessing - INFO - Removing URLs
2025-03-31 13:24:39,449 - FinancePreprocessing - INFO - Replacing currency symbols/abbreviations
2025-03-31 13:24:39,459 - FinancePreprocessing - INFO - Replacing stock tickers
2025-03-31 13:24:39,462 - FinancePreprocessing - INFO - Normalizing date and time expressions
2025-03-31 13:24:39,626 - FinancePreprocessing - INFO - Normalizing numeric expressions
2025-03-31 13:24:39,688 - FinancePreprocessing - INFO - Removing punctuation marks
2025-03-31 13:24:39,700 - FinancePreprocessing - INFO - Removing special characters
2025-03-31 13:24:39,724 - FinancePreprocessing - INFO - Normalizing whitespace
2025-03-31 13:24:39,785 - FinancePreprocessing - INFO - Lowercasing text
2025-03-31 13:24:39,801 - FinancePreprocessing - INFO - Removing stop words
2025-03-31 13:24:39,845 - FinancePreprocessing - INFO - Cleaned text (pre-tokenization) saved to data/cleaned_text.csv
2025-03-31 13:24:39,845 - FinancePreprocessing - INFO - Loading FinBERT tokenizer from ProsusAI/finbert
2025-03-31 13:24:40,175 - FinancePreprocessing - INFO - Tokenizing text using FinBERT tokenizer
2025-03-31 13:24:41,658 - FinancePreprocessing - INFO - Loading spaCy model en_core_web_sm
2025-03-31 13:24:42,069 - FinancePreprocessing - INFO - Lemmatizing text using spaCy
2025-03-31 13:25:20,624 - FinancePreprocessing - INFO - Padding/truncating sequences to length 128
2025-03-31 13:25:20,945 - FinancePreprocessing - INFO - Preprocessing completed in 41.66 seconds
2025-03-31 13:25:21,073 - FinancePreprocessing - INFO - Processed data saved to data/processed_data.csv
2025-03-31 13:25:21,248 - FinancePreprocessing - INFO - Preprocessing pipeline serialized to data/preprocessing_pipeline.pkl
2025-03-31 13:25:21,264 - FinancePreprocessing - INFO - Preprocessing completed successfully
2025-03-31 13:27:48,974 - FinancePreprocessing - INFO - Started MLflow run with ID: 3cfa18d691034f19af7908f6d334f849
2025-03-31 13:27:48,976 - FinancePreprocessing - INFO - Loading data from data/data.csv
2025-03-31 13:27:48,997 - FinancePreprocessing - INFO - Building preprocessing pipeline
2025-03-31 13:27:49,814 - FinancePreprocessing - INFO - Removing HTML tags
2025-03-31 13:27:49,983 - FinancePreprocessing - INFO - Removing URLs
2025-03-31 13:27:49,992 - FinancePreprocessing - INFO - Replacing currency symbols/abbreviations
2025-03-31 13:27:50,001 - FinancePreprocessing - INFO - Replacing stock tickers
2025-03-31 13:27:50,004 - FinancePreprocessing - INFO - Normalizing date and time expressions
2025-03-31 13:27:50,174 - FinancePreprocessing - INFO - Normalizing numeric expressions
2025-03-31 13:27:50,238 - FinancePreprocessing - INFO - Removing punctuation marks
2025-03-31 13:27:50,247 - FinancePreprocessing - INFO - Removing special characters
2025-03-31 13:27:50,261 - FinancePreprocessing - INFO - Normalizing whitespace
2025-03-31 13:27:50,299 - FinancePreprocessing - INFO - Lowercasing text
2025-03-31 13:27:50,309 - FinancePreprocessing - INFO - Removing stop words
2025-03-31 13:27:50,350 - FinancePreprocessing - INFO - Cleaned text (pre-tokenization) saved to data/cleaned_text.csv
2025-03-31 13:27:50,350 - FinancePreprocessing - INFO - Loading FinBERT tokenizer from ProsusAI/finbert
2025-03-31 13:27:50,677 - FinancePreprocessing - INFO - Tokenizing text using FinBERT tokenizer
2025-03-31 13:27:52,315 - FinancePreprocessing - INFO - Loading spaCy model en_core_web_sm
2025-03-31 13:27:52,807 - FinancePreprocessing - INFO - Lemmatizing text using spaCy
2025-03-31 13:28:30,205 - FinancePreprocessing - INFO - Padding/truncating sequences to length 128
2025-03-31 13:28:30,515 - FinancePreprocessing - INFO - Preprocessing completed in 40.70 seconds
2025-03-31 13:28:30,631 - FinancePreprocessing - INFO - Processed data saved to data/processed_data.csv
2025-03-31 13:28:30,775 - FinancePreprocessing - INFO - Preprocessing pipeline serialized to data/preprocessing_pipeline.pkl
2025-03-31 13:28:30,795 - FinancePreprocessing - INFO - Preprocessing completed successfully
2025-03-31 13:30:45,321 - FinancePreprocessing - INFO - Started MLflow run with ID: 64e5ad140e734edbbf3de7dbd011ce82
2025-03-31 13:30:45,323 - FinancePreprocessing - INFO - Loading data from data/data.csv
2025-03-31 13:30:45,343 - FinancePreprocessing - INFO - Building preprocessing pipeline
2025-03-31 13:30:45,925 - FinancePreprocessing - INFO - Removing HTML tags
2025-03-31 13:30:46,155 - FinancePreprocessing - INFO - Removing URLs
2025-03-31 13:30:46,164 - FinancePreprocessing - INFO - Replacing currency symbols/abbreviations
2025-03-31 13:30:46,173 - FinancePreprocessing - INFO - Replacing stock tickers
2025-03-31 13:30:46,176 - FinancePreprocessing - INFO - Normalizing date and time expressions
2025-03-31 13:30:46,353 - FinancePreprocessing - INFO - Normalizing numeric expressions
2025-03-31 13:30:46,416 - FinancePreprocessing - INFO - Removing punctuation marks
2025-03-31 13:30:46,426 - FinancePreprocessing - INFO - Removing special characters
2025-03-31 13:30:46,441 - FinancePreprocessing - INFO - Normalizing whitespace
2025-03-31 13:30:46,478 - FinancePreprocessing - INFO - Lowercasing text
2025-03-31 13:30:46,489 - FinancePreprocessing - INFO - Removing stop words
2025-03-31 13:30:46,533 - FinancePreprocessing - INFO - Cleaned text (pre-tokenization) saved to data/cleaned_text.csv
2025-03-31 13:30:46,534 - FinancePreprocessing - INFO - Loading FinBERT tokenizer from ProsusAI/finbert
2025-03-31 13:30:46,957 - FinancePreprocessing - INFO - Tokenizing text using FinBERT tokenizer
2025-03-31 13:30:48,676 - FinancePreprocessing - INFO - Loading spaCy model en_core_web_sm
2025-03-31 13:30:49,165 - FinancePreprocessing - INFO - Lemmatizing text using spaCy
2025-03-31 13:31:28,227 - FinancePreprocessing - INFO - Padding/truncating sequences to length 128
2025-03-31 13:31:28,561 - FinancePreprocessing - INFO - Preprocessing completed in 42.63 seconds
2025-03-31 13:31:28,686 - FinancePreprocessing - INFO - Processed data saved to data/processed_data.csv
2025-03-31 13:31:28,841 - FinancePreprocessing - INFO - Preprocessing pipeline serialized to data/preprocessing_pipeline.pkl
2025-03-31 13:31:28,857 - FinancePreprocessing - INFO - Preprocessing completed successfully
2025-03-31 13:35:58,132 - FinancePreprocessing - INFO - Started MLflow run with ID: a7419320d5cd47b6a9170ff73f2d9083
2025-03-31 13:35:58,135 - FinancePreprocessing - INFO - Loading data from data/data.csv
2025-03-31 13:35:58,155 - FinancePreprocessing - INFO - Building preprocessing pipeline
2025-03-31 13:35:58,871 - FinancePreprocessing - INFO - Removing HTML tags
2025-03-31 13:35:59,027 - FinancePreprocessing - INFO - Removing URLs
2025-03-31 13:35:59,036 - FinancePreprocessing - INFO - Replacing currency symbols/abbreviations
2025-03-31 13:35:59,047 - FinancePreprocessing - INFO - Replacing stock tickers
2025-03-31 13:35:59,050 - FinancePreprocessing - INFO - Normalizing date and time expressions
2025-03-31 13:35:59,217 - FinancePreprocessing - INFO - Normalizing numeric expressions
2025-03-31 13:35:59,279 - FinancePreprocessing - INFO - Removing punctuation marks
2025-03-31 13:35:59,330 - FinancePreprocessing - INFO - Removing special characters
2025-03-31 13:35:59,345 - FinancePreprocessing - INFO - Normalizing whitespace
2025-03-31 13:35:59,390 - FinancePreprocessing - INFO - Lowercasing text
2025-03-31 13:35:59,406 - FinancePreprocessing - INFO - Removing stop words
2025-03-31 13:35:59,463 - FinancePreprocessing - INFO - Cleaned text (pre-tokenization) saved to data/cleaned_text.csv
2025-03-31 13:35:59,463 - FinancePreprocessing - INFO - Loading FinBERT tokenizer from ProsusAI/finbert
2025-03-31 13:35:59,862 - FinancePreprocessing - INFO - Tokenizing text using FinBERT tokenizer
2025-03-31 13:36:01,428 - FinancePreprocessing - INFO - Loading spaCy model en_core_web_sm
2025-03-31 13:36:01,885 - FinancePreprocessing - INFO - Lemmatizing text using spaCy
2025-03-31 13:36:41,552 - FinancePreprocessing - INFO - Padding/truncating sequences to length 128
2025-03-31 13:36:41,881 - FinancePreprocessing - INFO - Preprocessing completed in 43.01 seconds
2025-03-31 13:36:42,000 - FinancePreprocessing - INFO - Processed data saved to data/processed_data.csv
2025-03-31 13:36:42,167 - FinancePreprocessing - INFO - Preprocessing pipeline serialized to data/preprocessing_pipeline.pkl
2025-03-31 13:36:42,187 - FinancePreprocessing - INFO - Preprocessing completed successfully
2025-03-31 13:40:45,381 - FinancePreprocessing - INFO - Started MLflow run with ID: a9b6aa27e71f4aefb1213a002a8cfbca
2025-03-31 13:40:45,384 - FinancePreprocessing - INFO - Loading data from data/data.csv
2025-03-31 13:40:45,403 - FinancePreprocessing - INFO - Building preprocessing pipeline
2025-03-31 13:40:46,164 - FinancePreprocessing - INFO - Removing HTML tags
2025-03-31 13:40:46,321 - FinancePreprocessing - INFO - Removing URLs
2025-03-31 13:40:46,330 - FinancePreprocessing - INFO - Replacing currency symbols/abbreviations
2025-03-31 13:40:46,340 - FinancePreprocessing - INFO - Replacing stock tickers
2025-03-31 13:40:46,342 - FinancePreprocessing - INFO - Normalizing date and time expressions
2025-03-31 13:40:46,517 - FinancePreprocessing - INFO - Normalizing numeric expressions
2025-03-31 13:40:46,583 - FinancePreprocessing - INFO - Removing punctuation marks
2025-03-31 13:40:46,646 - FinancePreprocessing - INFO - Removing special characters
2025-03-31 13:40:46,668 - FinancePreprocessing - INFO - Normalizing whitespace
2025-03-31 13:40:46,711 - FinancePreprocessing - INFO - Lowercasing text
2025-03-31 13:40:46,722 - FinancePreprocessing - INFO - Removing stop words
2025-03-31 13:40:46,765 - FinancePreprocessing - INFO - Cleaned text (pre-tokenization) saved to data/cleaned_text.csv
2025-03-31 13:40:46,766 - FinancePreprocessing - INFO - Loading FinBERT tokenizer from ProsusAI/finbert
2025-03-31 13:40:47,111 - FinancePreprocessing - INFO - Tokenizing text using FinBERT tokenizer
2025-03-31 13:40:48,666 - FinancePreprocessing - INFO - Loading spaCy model en_core_web_sm
2025-03-31 13:40:49,235 - FinancePreprocessing - INFO - Lemmatizing text using spaCy
2025-03-31 13:41:27,655 - FinancePreprocessing - INFO - Padding/truncating sequences to length 128
2025-03-31 13:41:27,978 - FinancePreprocessing - INFO - Preprocessing completed in 41.81 seconds
2025-03-31 13:41:28,092 - FinancePreprocessing - INFO - Processed data saved to data/processed_data.csv
2025-03-31 13:41:28,242 - FinancePreprocessing - INFO - Preprocessing pipeline serialized to data/preprocessing_pipeline.pkl
2025-03-31 13:41:28,259 - FinancePreprocessing - INFO - Preprocessing completed successfully
2025-03-31 13:43:22,369 - FinancePreprocessing - INFO - Started MLflow run with ID: d7c631660f7a43e7b658eac191aa667f
2025-03-31 13:43:22,371 - FinancePreprocessing - INFO - Loading data from data/data.csv
2025-03-31 13:43:22,388 - FinancePreprocessing - INFO - Building preprocessing pipeline
2025-03-31 13:43:23,023 - FinancePreprocessing - INFO - Removing HTML tags
2025-03-31 13:43:23,188 - FinancePreprocessing - INFO - Removing URLs
2025-03-31 13:43:23,197 - FinancePreprocessing - INFO - Replacing currency symbols/abbreviations
2025-03-31 13:43:23,206 - FinancePreprocessing - INFO - Replacing stock tickers
2025-03-31 13:43:23,209 - FinancePreprocessing - INFO - Normalizing date and time expressions
2025-03-31 13:43:23,376 - FinancePreprocessing - INFO - Normalizing numeric expressions
2025-03-31 13:43:23,438 - FinancePreprocessing - INFO - Removing punctuation marks
2025-03-31 13:43:23,476 - FinancePreprocessing - INFO - Removing special characters
2025-03-31 13:43:23,491 - FinancePreprocessing - INFO - Normalizing whitespace
2025-03-31 13:43:23,526 - FinancePreprocessing - INFO - Lowercasing text
2025-03-31 13:43:23,538 - FinancePreprocessing - INFO - Removing stop words
2025-03-31 13:43:23,578 - FinancePreprocessing - INFO - Cleaned text (pre-tokenization) saved to data/cleaned_text.csv
2025-03-31 13:43:23,579 - FinancePreprocessing - INFO - Loading FinBERT tokenizer from ProsusAI/finbert
2025-03-31 13:43:24,052 - FinancePreprocessing - INFO - Tokenizing text using FinBERT tokenizer
2025-03-31 13:43:25,662 - FinancePreprocessing - INFO - Loading spaCy model en_core_web_sm
2025-03-31 13:43:26,154 - FinancePreprocessing - INFO - Lemmatizing text using spaCy
2025-03-31 13:44:04,932 - FinancePreprocessing - INFO - Padding/truncating sequences to length 128
2025-03-31 13:44:05,243 - FinancePreprocessing - INFO - Preprocessing completed in 42.22 seconds
2025-03-31 13:44:05,357 - FinancePreprocessing - INFO - Processed data saved to data/processed_data.csv
2025-03-31 13:44:05,511 - FinancePreprocessing - INFO - Preprocessing pipeline serialized to data/preprocessing_pipeline.pkl
2025-03-31 13:44:05,530 - FinancePreprocessing - INFO - Preprocessing completed successfully
2025-03-31 13:45:14,504 - FinancePreprocessing - INFO - Started MLflow run with ID: 05f8b93e809645bca4753a220f049654
2025-03-31 13:45:14,506 - FinancePreprocessing - INFO - Loading data from data/data.csv
2025-03-31 13:45:14,526 - FinancePreprocessing - INFO - Building preprocessing pipeline
2025-03-31 13:45:15,144 - FinancePreprocessing - INFO - Removing HTML tags
2025-03-31 13:45:15,304 - FinancePreprocessing - INFO - Removing URLs
2025-03-31 13:45:15,313 - FinancePreprocessing - INFO - Replacing currency symbols/abbreviations
2025-03-31 13:45:15,322 - FinancePreprocessing - INFO - Replacing stock tickers
2025-03-31 13:45:15,325 - FinancePreprocessing - INFO - Normalizing date and time expressions
2025-03-31 13:45:15,491 - FinancePreprocessing - INFO - Normalizing numeric expressions
2025-03-31 13:45:15,554 - FinancePreprocessing - INFO - Removing punctuation marks
2025-03-31 13:45:15,600 - FinancePreprocessing - INFO - Removing special characters
2025-03-31 13:45:15,617 - FinancePreprocessing - INFO - Normalizing whitespace
2025-03-31 13:45:15,658 - FinancePreprocessing - INFO - Lowercasing text
2025-03-31 13:45:15,671 - FinancePreprocessing - INFO - Removing stop words
2025-03-31 13:45:15,718 - FinancePreprocessing - INFO - Cleaned text (pre-tokenization) saved to data/cleaned_text.csv
2025-03-31 13:45:15,719 - FinancePreprocessing - INFO - Loading FinBERT tokenizer from ProsusAI/finbert
2025-03-31 13:45:16,048 - FinancePreprocessing - INFO - Tokenizing text using FinBERT tokenizer
2025-03-31 13:45:17,542 - FinancePreprocessing - INFO - Loading spaCy model en_core_web_sm
2025-03-31 13:45:18,049 - FinancePreprocessing - INFO - Lemmatizing text using spaCy
2025-03-31 13:45:56,038 - FinancePreprocessing - INFO - Padding/truncating sequences to length 128
2025-03-31 13:45:56,410 - FinancePreprocessing - INFO - Preprocessing completed in 41.26 seconds
2025-03-31 13:45:56,529 - FinancePreprocessing - INFO - Processed data saved to data/processed_data.csv
2025-03-31 13:45:56,681 - FinancePreprocessing - INFO - Preprocessing pipeline serialized to data/preprocessing_pipeline.pkl
2025-03-31 13:45:56,700 - FinancePreprocessing - INFO - Preprocessing completed successfully
2025-03-31 13:49:53,981 - FinancePreprocessing - INFO - Started MLflow run with ID: d969d59f9839479e985bf7810b7515f4
2025-03-31 13:49:53,984 - FinancePreprocessing - INFO - Loading data from data/data.csv
2025-03-31 13:49:54,001 - FinancePreprocessing - INFO - Building preprocessing pipeline
2025-03-31 13:49:54,583 - FinancePreprocessing - INFO - Removing HTML tags
2025-03-31 13:49:54,769 - FinancePreprocessing - INFO - Removing URLs
2025-03-31 13:49:54,778 - FinancePreprocessing - INFO - Replacing currency symbols/abbreviations
2025-03-31 13:49:54,787 - FinancePreprocessing - INFO - Replacing stock tickers
2025-03-31 13:49:54,790 - FinancePreprocessing - INFO - Normalizing date and time expressions
2025-03-31 13:49:54,956 - FinancePreprocessing - INFO - Normalizing numeric expressions
2025-03-31 13:49:55,018 - FinancePreprocessing - INFO - Removing punctuation marks
2025-03-31 13:49:55,105 - FinancePreprocessing - INFO - Removing special characters
2025-03-31 13:49:55,120 - FinancePreprocessing - INFO - Normalizing whitespace
2025-03-31 13:49:55,158 - FinancePreprocessing - INFO - Lowercasing text
2025-03-31 13:49:55,170 - FinancePreprocessing - INFO - Removing stop words
2025-03-31 13:49:55,211 - FinancePreprocessing - INFO - Cleaned text (pre-tokenization) saved to data/cleaned_text.csv
2025-03-31 13:49:55,212 - FinancePreprocessing - INFO - Loading FinBERT tokenizer from ProsusAI/finbert
2025-03-31 13:49:56,570 - FinancePreprocessing - INFO - Tokenizing text using FinBERT tokenizer
2025-03-31 13:49:58,234 - FinancePreprocessing - INFO - Loading spaCy model en_core_web_sm
2025-03-31 13:49:58,718 - FinancePreprocessing - INFO - Lemmatizing text using spaCy
2025-03-31 13:50:58,350 - FinancePreprocessing - INFO - Started MLflow run with ID: b15c76625cdc4131b77268171c6fa570
2025-03-31 13:50:58,353 - FinancePreprocessing - INFO - Loading data from data/data.csv
2025-03-31 13:50:58,374 - FinancePreprocessing - INFO - Building preprocessing pipeline
2025-03-31 13:50:59,122 - FinancePreprocessing - INFO - Removing HTML tags
2025-03-31 13:50:59,282 - FinancePreprocessing - INFO - Removing URLs
2025-03-31 13:50:59,291 - FinancePreprocessing - INFO - Replacing currency symbols/abbreviations
2025-03-31 13:50:59,301 - FinancePreprocessing - INFO - Replacing stock tickers
2025-03-31 13:50:59,304 - FinancePreprocessing - INFO - Normalizing date and time expressions
2025-03-31 13:50:59,477 - FinancePreprocessing - INFO - Normalizing numeric expressions
2025-03-31 13:50:59,540 - FinancePreprocessing - INFO - Removing punctuation marks
2025-03-31 13:50:59,625 - FinancePreprocessing - INFO - Removing special characters
2025-03-31 13:50:59,645 - FinancePreprocessing - INFO - Normalizing whitespace
2025-03-31 13:50:59,690 - FinancePreprocessing - INFO - Lowercasing text
2025-03-31 13:50:59,702 - FinancePreprocessing - INFO - Removing stop words
2025-03-31 13:50:59,744 - FinancePreprocessing - INFO - Cleaned text (pre-tokenization) saved to data/cleaned_text.csv
2025-03-31 13:50:59,745 - FinancePreprocessing - INFO - Loading FinBERT tokenizer from ProsusAI/finbert
2025-03-31 13:51:00,024 - FinancePreprocessing - INFO - Tokenizing text using FinBERT tokenizer
2025-03-31 13:51:01,553 - FinancePreprocessing - INFO - Loading spaCy model en_core_web_sm
2025-03-31 13:51:02,019 - FinancePreprocessing - INFO - Lemmatizing text using spaCy
2025-03-31 13:51:39,707 - FinancePreprocessing - INFO - Padding/truncating sequences to length 128
2025-03-31 13:51:40,019 - FinancePreprocessing - INFO - Preprocessing completed in 40.90 seconds
2025-03-31 13:51:40,138 - FinancePreprocessing - INFO - Processed data saved to data/processed_data.csv
2025-03-31 13:51:40,286 - FinancePreprocessing - INFO - Preprocessing pipeline serialized to data/preprocessing_pipeline.pkl
2025-03-31 13:51:40,303 - FinancePreprocessing - INFO - Preprocessing completed successfully
2025-03-31 13:54:12,141 - FinancePreprocessing - INFO - Started MLflow run with ID: 4dc2740b8afc4681a61cd61fe59682ff
2025-03-31 13:54:12,143 - FinancePreprocessing - INFO - Loading data from data/data.csv
2025-03-31 13:54:12,163 - FinancePreprocessing - INFO - Building preprocessing pipeline
2025-03-31 13:54:12,816 - FinancePreprocessing - INFO - Removing HTML tags
2025-03-31 13:54:12,976 - FinancePreprocessing - INFO - Removing URLs
2025-03-31 13:54:12,985 - FinancePreprocessing - INFO - Replacing currency symbols/abbreviations
2025-03-31 13:54:12,996 - FinancePreprocessing - INFO - Replacing stock tickers
2025-03-31 13:54:13,000 - FinancePreprocessing - INFO - Normalizing date and time expressions
2025-03-31 13:54:13,172 - FinancePreprocessing - INFO - Normalizing numeric expressions
2025-03-31 13:54:13,236 - FinancePreprocessing - INFO - Removing punctuation marks
2025-03-31 13:54:13,315 - FinancePreprocessing - INFO - Removing special characters
2025-03-31 13:54:13,330 - FinancePreprocessing - INFO - Normalizing whitespace
2025-03-31 13:54:13,365 - FinancePreprocessing - INFO - Lowercasing text
2025-03-31 13:54:13,380 - FinancePreprocessing - INFO - Removing stop words
2025-03-31 13:54:13,432 - FinancePreprocessing - INFO - Cleaned text (pre-tokenization) saved to data/cleaned_text.csv
2025-03-31 13:54:13,432 - FinancePreprocessing - INFO - Loading FinBERT tokenizer from ProsusAI/finbert
2025-03-31 13:54:14,049 - FinancePreprocessing - INFO - Tokenizing text using FinBERT tokenizer
2025-03-31 13:54:15,623 - FinancePreprocessing - INFO - Loading spaCy model en_core_web_sm
2025-03-31 13:54:16,187 - FinancePreprocessing - INFO - Lemmatizing text using spaCy
2025-03-31 13:54:54,726 - FinancePreprocessing - INFO - Padding/truncating sequences to length 128
2025-03-31 13:54:55,041 - FinancePreprocessing - INFO - Preprocessing completed in 42.22 seconds
2025-03-31 13:54:55,157 - FinancePreprocessing - INFO - Processed data saved to data/processed_data.csv
2025-03-31 13:54:55,301 - FinancePreprocessing - INFO - Preprocessing pipeline serialized to data/preprocessing_pipeline.pkl
2025-03-31 13:54:55,315 - FinancePreprocessing - INFO - Preprocessing completed successfully
2025-03-31 13:58:40,900 - FinancePreprocessing - INFO - Removing punctuation marks
2025-03-31 13:58:40,907 - FinancePreprocessing - INFO - Removing punctuation marks
2025-03-31 13:58:40,908 - FinancePreprocessing - INFO - Removing punctuation marks
2025-03-31 13:58:40,910 - FinancePreprocessing - INFO - Removing punctuation marks
2025-03-31 14:04:43,500 - FinancePreprocessing - INFO - Removing punctuation marks
2025-03-31 14:04:43,515 - FinancePreprocessing - INFO - Removing punctuation marks
2025-03-31 14:04:43,515 - FinancePreprocessing - INFO - Removing punctuation marks
2025-03-31 14:04:43,518 - FinancePreprocessing - INFO - Removing punctuation marks
2025-03-31 14:07:12,055 - FinancePreprocessing - INFO - Removing punctuation marks
2025-03-31 14:07:12,058 - FinancePreprocessing - INFO - Removing punctuation marks
2025-03-31 14:07:12,059 - FinancePreprocessing - INFO - Removing punctuation marks
2025-03-31 14:07:12,061 - FinancePreprocessing - INFO - Removing punctuation marks
2025-03-31 14:13:32,446 - FinancePreprocessing - INFO - Removing punctuation marks
2025-03-31 14:13:32,450 - FinancePreprocessing - INFO - Removing punctuation marks
2025-03-31 14:13:32,451 - FinancePreprocessing - INFO - Removing punctuation marks
2025-03-31 14:13:32,453 - FinancePreprocessing - INFO - Removing punctuation marks
2025-03-31 14:14:23,894 - FinancePreprocessing - INFO - Removing punctuation marks
2025-03-31 14:14:23,895 - FinancePreprocessing - INFO - Removing punctuation marks
2025-03-31 14:14:23,895 - FinancePreprocessing - INFO - Removing punctuation marks
2025-03-31 14:14:23,897 - FinancePreprocessing - INFO - Removing punctuation marks
2025-03-31 14:17:31,829 - FinancePreprocessing - INFO - Removing punctuation marks
2025-03-31 14:17:31,830 - FinancePreprocessing - INFO - Removing punctuation marks
2025-03-31 14:17:31,831 - FinancePreprocessing - INFO - Removing punctuation marks
2025-03-31 15:09:18,511 - FinancePreprocessing - INFO - Started MLflow run with ID: 9d1cb45f99464754bba33b8c3d779495
2025-03-31 15:09:18,515 - FinancePreprocessing - INFO - Loading data from data/data.csv
2025-03-31 15:09:18,556 - FinancePreprocessing - INFO - Building preprocessing pipeline
2025-03-31 15:09:19,322 - FinancePreprocessing - INFO - Removing HTML tags
2025-03-31 15:09:19,491 - FinancePreprocessing - INFO - Removing URLs
2025-03-31 15:09:19,500 - FinancePreprocessing - INFO - Replacing currency symbols/abbreviations
2025-03-31 15:09:19,509 - FinancePreprocessing - INFO - Replacing stock tickers
2025-03-31 15:09:19,513 - FinancePreprocessing - INFO - Normalizing date and time expressions
2025-03-31 15:09:19,710 - FinancePreprocessing - INFO - Normalizing numeric expressions
2025-03-31 15:09:19,798 - FinancePreprocessing - INFO - Removing punctuation marks
2025-03-31 15:09:19,848 - FinancePreprocessing - INFO - Removing special characters
2025-03-31 15:09:19,863 - FinancePreprocessing - INFO - Normalizing whitespace
2025-03-31 15:09:19,938 - FinancePreprocessing - INFO - Lowercasing text
2025-03-31 15:09:19,960 - FinancePreprocessing - INFO - Removing stop words
2025-03-31 15:09:20,008 - FinancePreprocessing - INFO - Cleaned text (pre-tokenization) saved to data/cleaned_text.csv
2025-03-31 15:09:20,009 - FinancePreprocessing - INFO - Loading FinBERT tokenizer from ProsusAI/finbert
2025-03-31 15:09:20,338 - FinancePreprocessing - INFO - Tokenizing text using FinBERT tokenizer
2025-03-31 15:09:21,877 - FinancePreprocessing - INFO - Loading spaCy model en_core_web_sm
2025-03-31 15:09:22,423 - FinancePreprocessing - INFO - Lemmatizing text using spaCy
2025-03-31 15:09:59,947 - FinancePreprocessing - INFO - Padding/truncating sequences to length 128
2025-03-31 15:10:00,270 - FinancePreprocessing - INFO - Preprocessing completed in 40.95 seconds
2025-03-31 15:10:00,395 - FinancePreprocessing - INFO - Processed data saved to data/processed_data.csv
2025-03-31 15:10:00,561 - FinancePreprocessing - INFO - Preprocessing pipeline serialized to data/preprocessing_pipeline.pkl
2025-03-31 15:10:00,578 - FinancePreprocessing - INFO - Preprocessing completed successfully
2025-03-31 15:11:34,529 - FinancePreprocessing - INFO - Removing punctuation marks
2025-03-31 15:11:34,531 - FinancePreprocessing - INFO - Removing punctuation marks
2025-03-31 15:11:34,532 - FinancePreprocessing - INFO - Removing punctuation marks
2025-03-31 15:17:56,443 - FinancePreprocessing - INFO - Started MLflow run with ID: 1b3f0acfff9f4ec98b635967387db4bd
2025-03-31 15:17:56,446 - FinancePreprocessing - INFO - Loading data from data/data.csv
2025-03-31 15:17:56,466 - FinancePreprocessing - INFO - Building preprocessing pipeline
2025-03-31 15:17:56,472 - FinancePreprocessing - ERROR - Error in preprocessing: unterminated character set at position 0
2025-03-31 15:17:56,472 - FinancePreprocessing - ERROR - Error in main: unterminated character set at position 0
2025-03-31 15:18:23,200 - FinancePreprocessing - INFO - Started MLflow run with ID: d19038eb003f429b8445972fd01c628d
2025-03-31 15:18:23,202 - FinancePreprocessing - INFO - Loading data from data/data.csv
2025-03-31 15:18:23,221 - FinancePreprocessing - INFO - Building preprocessing pipeline
2025-03-31 15:18:23,227 - FinancePreprocessing - ERROR - Error in preprocessing: unterminated character set at position 0
2025-03-31 15:18:23,227 - FinancePreprocessing - ERROR - Error in main: unterminated character set at position 0
2025-03-31 15:19:15,799 - FinancePreprocessing - INFO - Started MLflow run with ID: 349e81cc15d74fda813d88e36089e1cf
2025-03-31 15:19:15,801 - FinancePreprocessing - INFO - Loading data from data/data.csv
2025-03-31 15:19:15,822 - FinancePreprocessing - INFO - Building preprocessing pipeline
2025-03-31 15:19:16,552 - FinancePreprocessing - INFO - Removing HTML tags
2025-03-31 15:19:16,712 - FinancePreprocessing - INFO - Removing URLs
2025-03-31 15:19:16,721 - FinancePreprocessing - INFO - Replacing currency symbols/abbreviations
2025-03-31 15:19:16,732 - FinancePreprocessing - INFO - Replacing stock tickers
2025-03-31 15:19:16,735 - FinancePreprocessing - INFO - Normalizing date and time expressions
2025-03-31 15:19:16,926 - FinancePreprocessing - INFO - Normalizing numeric expressions
2025-03-31 15:19:17,000 - FinancePreprocessing - INFO - Removing punctuation marks
2025-03-31 15:19:17,053 - FinancePreprocessing - INFO - Removing special characters
2025-03-31 15:19:17,065 - FinancePreprocessing - INFO - Normalizing whitespace
2025-03-31 15:19:17,101 - FinancePreprocessing - INFO - Lowercasing text
2025-03-31 15:19:17,111 - FinancePreprocessing - INFO - Removing stop words
2025-03-31 15:19:17,150 - FinancePreprocessing - INFO - Cleaned text (pre-tokenization) saved to data/cleaned_text.csv
2025-03-31 15:19:17,150 - FinancePreprocessing - INFO - Loading FinBERT tokenizer from ProsusAI/finbert
2025-03-31 15:19:17,476 - FinancePreprocessing - INFO - Tokenizing text using FinBERT tokenizer
2025-03-31 15:19:19,102 - FinancePreprocessing - INFO - Loading spaCy model en_core_web_sm
2025-03-31 15:19:19,656 - FinancePreprocessing - INFO - Lemmatizing text using spaCy
2025-03-31 15:19:53,087 - FinancePreprocessing - INFO - Padding/truncating sequences to length 128
2025-03-31 15:19:53,403 - FinancePreprocessing - INFO - Preprocessing completed in 36.85 seconds
2025-03-31 15:19:53,538 - FinancePreprocessing - INFO - Processed data saved to data/processed_data.csv
2025-03-31 15:19:53,691 - FinancePreprocessing - INFO - Preprocessing pipeline serialized to data/preprocessing_pipeline.pkl
2025-03-31 15:19:53,705 - FinancePreprocessing - INFO - Preprocessing completed successfully
2025-03-31 15:36:24,805 - FinancePreprocessing - INFO - Started MLflow run with ID: 633a2fadca164fc4bdf78c53433a9c66
2025-03-31 15:36:24,808 - FinancePreprocessing - INFO - Loading data from data/data.csv
2025-03-31 15:36:24,828 - FinancePreprocessing - INFO - Building preprocessing pipeline
2025-03-31 15:36:25,661 - FinancePreprocessing - INFO - Removing HTML tags
2025-03-31 15:36:25,819 - FinancePreprocessing - INFO - Removing URLs
2025-03-31 15:36:25,828 - FinancePreprocessing - INFO - Replacing currency symbols/abbreviations
2025-03-31 15:36:25,837 - FinancePreprocessing - INFO - Replacing stock tickers
2025-03-31 15:36:25,840 - FinancePreprocessing - INFO - Normalizing date and time expressions
2025-03-31 15:36:26,011 - FinancePreprocessing - INFO - Normalizing numeric expressions
2025-03-31 15:36:26,122 - FinancePreprocessing - INFO - Removing punctuation marks
2025-03-31 15:36:26,174 - FinancePreprocessing - INFO - Removing special characters
2025-03-31 15:36:26,186 - FinancePreprocessing - INFO - Normalizing whitespace
2025-03-31 15:36:26,222 - FinancePreprocessing - INFO - Lowercasing text
2025-03-31 15:36:26,232 - FinancePreprocessing - INFO - Removing stop words
2025-03-31 15:36:26,274 - FinancePreprocessing - INFO - Cleaned text (pre-tokenization) saved to data/cleaned_text.csv
2025-03-31 15:36:26,274 - FinancePreprocessing - INFO - Loading FinBERT tokenizer from ProsusAI/finbert
2025-03-31 15:36:26,651 - FinancePreprocessing - INFO - Tokenizing text using FinBERT tokenizer
2025-03-31 15:36:28,179 - FinancePreprocessing - INFO - Loading spaCy model en_core_web_sm
2025-03-31 15:36:28,716 - FinancePreprocessing - INFO - Lemmatizing text using spaCy
2025-03-31 15:37:07,836 - FinancePreprocessing - INFO - Padding/truncating sequences to length 128
2025-03-31 15:37:08,163 - FinancePreprocessing - INFO - Preprocessing completed in 42.50 seconds
2025-03-31 15:37:08,290 - FinancePreprocessing - INFO - Processed data saved to data/processed_data.csv
2025-03-31 15:37:08,466 - FinancePreprocessing - INFO - Preprocessing pipeline serialized to data/preprocessing_pipeline.pkl
2025-03-31 15:37:08,487 - FinancePreprocessing - INFO - Preprocessing completed successfully
2025-03-31 15:41:59,869 - FinancePreprocessing - INFO - Started MLflow run with ID: 40457efd11414cb3869434806237accf
2025-03-31 15:41:59,872 - FinancePreprocessing - INFO - Loading data from data/data.csv
2025-03-31 15:41:59,903 - FinancePreprocessing - INFO - Building preprocessing pipeline
2025-03-31 15:42:00,614 - FinancePreprocessing - INFO - Removing HTML tags
2025-03-31 15:42:00,772 - FinancePreprocessing - INFO - Removing URLs
2025-03-31 15:42:00,782 - FinancePreprocessing - INFO - Replacing currency symbols/abbreviations
2025-03-31 15:42:00,863 - FinancePreprocessing - INFO - Replacing stock tickers
2025-03-31 15:42:00,865 - FinancePreprocessing - INFO - Normalizing date and time expressions
2025-03-31 15:42:01,036 - FinancePreprocessing - INFO - Normalizing numeric expressions
2025-03-31 15:42:01,127 - FinancePreprocessing - INFO - Removing punctuation marks
2025-03-31 15:42:01,198 - FinancePreprocessing - INFO - Removing special characters
2025-03-31 15:42:01,210 - FinancePreprocessing - INFO - Normalizing whitespace
2025-03-31 15:42:01,247 - FinancePreprocessing - INFO - Lowercasing text
2025-03-31 15:42:01,258 - FinancePreprocessing - INFO - Removing stop words
2025-03-31 15:42:01,363 - FinancePreprocessing - INFO - Cleaned text (pre-tokenization) saved to data/cleaned_text.csv
2025-03-31 15:42:01,363 - FinancePreprocessing - INFO - Loading FinBERT tokenizer from ProsusAI/finbert
2025-03-31 15:42:01,707 - FinancePreprocessing - INFO - Tokenizing text using FinBERT tokenizer
2025-03-31 15:42:03,237 - FinancePreprocessing - INFO - Loading spaCy model en_core_web_sm
2025-03-31 15:42:03,775 - FinancePreprocessing - INFO - Lemmatizing text using spaCy
2025-03-31 15:42:43,903 - FinancePreprocessing - INFO - Padding/truncating sequences to length 128
2025-03-31 15:42:44,226 - FinancePreprocessing - INFO - Preprocessing completed in 43.61 seconds
2025-03-31 15:42:44,346 - FinancePreprocessing - INFO - Processed data saved to data/processed_data.csv
2025-03-31 15:42:44,516 - FinancePreprocessing - INFO - Preprocessing pipeline serialized to data/preprocessing_pipeline.pkl
2025-03-31 15:42:44,537 - FinancePreprocessing - INFO - Preprocessing completed successfully
2025-03-31 15:47:39,539 - FinancePreprocessing - INFO - Started MLflow run with ID: fdae22171612451ea2fc26fbb8fd3566
2025-03-31 15:47:39,541 - FinancePreprocessing - INFO - Loading data from data/data.csv
2025-03-31 15:47:39,562 - FinancePreprocessing - INFO - Building preprocessing pipeline
2025-03-31 15:47:40,245 - FinancePreprocessing - INFO - Removing HTML tags
2025-03-31 15:47:40,404 - FinancePreprocessing - INFO - Removing URLs
2025-03-31 15:47:40,413 - FinancePreprocessing - INFO - Replacing currency symbols/abbreviations
2025-03-31 15:47:40,517 - FinancePreprocessing - INFO - Replacing stock tickers
2025-03-31 15:47:40,519 - FinancePreprocessing - INFO - Normalizing date and time expressions
2025-03-31 15:47:40,712 - FinancePreprocessing - INFO - Normalizing numeric expressions
2025-03-31 15:47:40,800 - FinancePreprocessing - INFO - Removing punctuation marks
2025-03-31 15:47:40,849 - FinancePreprocessing - INFO - Removing special characters
2025-03-31 15:47:40,862 - FinancePreprocessing - INFO - Normalizing whitespace
2025-03-31 15:47:40,897 - FinancePreprocessing - INFO - Lowercasing text
2025-03-31 15:47:40,907 - FinancePreprocessing - INFO - Removing stop words
2025-03-31 15:47:40,946 - FinancePreprocessing - INFO - Cleaned text (pre-tokenization) saved to data/cleaned_text.csv
2025-03-31 15:47:40,947 - FinancePreprocessing - INFO - Loading FinBERT tokenizer from ProsusAI/finbert
2025-03-31 15:47:41,264 - FinancePreprocessing - INFO - Tokenizing text using FinBERT tokenizer
2025-03-31 15:47:42,856 - FinancePreprocessing - INFO - Loading spaCy model en_core_web_sm
2025-03-31 15:47:43,365 - FinancePreprocessing - INFO - Lemmatizing text using spaCy
2025-03-31 15:48:20,029 - FinancePreprocessing - INFO - Padding/truncating sequences to length 128
2025-03-31 15:48:20,352 - FinancePreprocessing - INFO - Preprocessing completed in 40.10 seconds
2025-03-31 15:48:20,540 - FinancePreprocessing - INFO - Processed data saved to data/processed_data.csv
2025-03-31 15:48:20,693 - FinancePreprocessing - INFO - Preprocessing pipeline serialized to data/preprocessing_pipeline.pkl
2025-03-31 15:48:20,712 - FinancePreprocessing - INFO - Preprocessing completed successfully
2025-03-31 15:49:21,267 - FinancePreprocessing - INFO - Started MLflow run with ID: 4666206d46c64965a9e21bfb9e6896a8
2025-03-31 15:49:21,269 - FinancePreprocessing - INFO - Loading data from data/data.csv
2025-03-31 15:49:21,289 - FinancePreprocessing - INFO - Building preprocessing pipeline
2025-03-31 15:49:21,897 - FinancePreprocessing - INFO - Removing HTML tags
2025-03-31 15:49:22,054 - FinancePreprocessing - INFO - Removing URLs
2025-03-31 15:49:22,063 - FinancePreprocessing - INFO - Replacing currency symbols/abbreviations
2025-03-31 15:49:22,169 - FinancePreprocessing - INFO - Replacing stock tickers
2025-03-31 15:49:22,172 - FinancePreprocessing - INFO - Normalizing date and time expressions
2025-03-31 15:49:22,345 - FinancePreprocessing - INFO - Normalizing numeric expressions
2025-03-31 15:49:22,476 - FinancePreprocessing - INFO - Removing punctuation marks
2025-03-31 15:49:22,545 - FinancePreprocessing - INFO - Removing special characters
2025-03-31 15:49:22,564 - FinancePreprocessing - INFO - Normalizing whitespace
2025-03-31 15:49:22,615 - FinancePreprocessing - INFO - Lowercasing text
2025-03-31 15:49:22,627 - FinancePreprocessing - INFO - Removing stop words
2025-03-31 15:49:22,674 - FinancePreprocessing - INFO - Cleaned text (pre-tokenization) saved to data/cleaned_text.csv
2025-03-31 15:49:22,675 - FinancePreprocessing - INFO - Loading FinBERT tokenizer from ProsusAI/finbert
2025-03-31 15:49:22,977 - FinancePreprocessing - INFO - Tokenizing text using FinBERT tokenizer
2025-03-31 15:49:24,574 - FinancePreprocessing - INFO - Loading spaCy model en_core_web_sm
2025-03-31 15:49:25,047 - FinancePreprocessing - INFO - Lemmatizing text using spaCy
2025-03-31 15:50:04,895 - FinancePreprocessing - INFO - Padding/truncating sequences to length 128
2025-03-31 15:50:04,981 - FinancePreprocessing - INFO - Preprocessing completed in 43.08 seconds
2025-03-31 15:50:05,328 - FinancePreprocessing - INFO - Processed data saved to data/processed_data.csv
2025-03-31 15:50:05,482 - FinancePreprocessing - INFO - Preprocessing pipeline serialized to data/preprocessing_pipeline.pkl
2025-03-31 15:50:05,499 - FinancePreprocessing - INFO - Preprocessing completed successfully
2025-03-31 15:52:25,590 - FinancePreprocessing - INFO - Started MLflow run with ID: 04b260bb37854e768f40ee8bd4e1bb3b
2025-03-31 15:52:25,593 - FinancePreprocessing - INFO - Loading data from data/data.csv
2025-03-31 15:52:25,610 - FinancePreprocessing - INFO - Building preprocessing pipeline
2025-03-31 15:52:26,335 - FinancePreprocessing - INFO - Removing HTML tags
2025-03-31 15:52:26,492 - FinancePreprocessing - INFO - Removing URLs
2025-03-31 15:52:26,500 - FinancePreprocessing - INFO - Replacing currency symbols/abbreviations
2025-03-31 15:52:26,635 - FinancePreprocessing - INFO - Replacing stock tickers
2025-03-31 15:52:26,638 - FinancePreprocessing - INFO - Normalizing date and time expressions
2025-03-31 15:52:26,809 - FinancePreprocessing - INFO - Normalizing numeric expressions
2025-03-31 15:52:26,904 - FinancePreprocessing - INFO - Removing punctuation marks
2025-03-31 15:52:27,000 - FinancePreprocessing - INFO - Removing special characters
2025-03-31 15:52:27,014 - FinancePreprocessing - INFO - Normalizing whitespace
2025-03-31 15:52:27,049 - FinancePreprocessing - INFO - Lowercasing text
2025-03-31 15:52:27,060 - FinancePreprocessing - INFO - Removing stop words
2025-03-31 15:52:27,099 - FinancePreprocessing - INFO - Cleaned text (pre-tokenization) saved to data/cleaned_text.csv
2025-03-31 15:52:27,099 - FinancePreprocessing - INFO - Loading FinBERT tokenizer from ProsusAI/finbert
2025-03-31 15:52:27,402 - FinancePreprocessing - INFO - Tokenizing text using FinBERT tokenizer
2025-03-31 15:52:29,148 - FinancePreprocessing - INFO - Loading spaCy model en_core_web_sm
2025-03-31 15:52:29,689 - FinancePreprocessing - INFO - Lemmatizing text using spaCy
2025-03-31 15:53:08,408 - FinancePreprocessing - INFO - Padding/truncating sequences to length 128
2025-03-31 15:53:08,730 - FinancePreprocessing - INFO - Preprocessing completed in 42.39 seconds
2025-03-31 15:53:08,844 - FinancePreprocessing - INFO - Processed data saved to data/processed_data.csv
2025-03-31 15:53:09,010 - FinancePreprocessing - INFO - Preprocessing pipeline serialized to data/preprocessing_pipeline.pkl
2025-03-31 15:53:09,026 - FinancePreprocessing - INFO - Preprocessing completed successfully
2025-03-31 16:06:11,669 - FinancePreprocessing - INFO - Started MLflow run with ID: babb690971004c18bdc9183c0d13e29d
2025-03-31 16:06:11,671 - FinancePreprocessing - INFO - Loading data from data/data.csv
2025-03-31 16:06:11,690 - FinancePreprocessing - INFO - Building preprocessing pipeline
2025-03-31 16:06:12,470 - FinancePreprocessing - INFO - Removing HTML tags
2025-03-31 16:06:12,627 - FinancePreprocessing - INFO - Removing URLs
2025-03-31 16:06:12,636 - FinancePreprocessing - INFO - Replacing currency symbols/abbreviations
2025-03-31 16:06:12,767 - FinancePreprocessing - INFO - Replacing stock tickers
2025-03-31 16:06:12,769 - FinancePreprocessing - INFO - Normalizing date and time expressions
2025-03-31 16:06:12,967 - FinancePreprocessing - INFO - Normalizing numeric expressions
2025-03-31 16:06:13,057 - FinancePreprocessing - INFO - Removing punctuation marks
2025-03-31 16:06:13,106 - FinancePreprocessing - INFO - Removing special characters
2025-03-31 16:06:13,118 - FinancePreprocessing - INFO - Normalizing whitespace
2025-03-31 16:06:13,154 - FinancePreprocessing - INFO - Lowercasing text
2025-03-31 16:06:13,165 - FinancePreprocessing - INFO - Removing stop words
2025-03-31 16:06:13,205 - FinancePreprocessing - INFO - Cleaned text (pre-tokenization) saved to data/cleaned_text.csv
2025-03-31 16:06:13,206 - FinancePreprocessing - INFO - Loading FinBERT tokenizer from ProsusAI/finbert
2025-03-31 16:06:13,519 - FinancePreprocessing - INFO - Tokenizing text using FinBERT tokenizer
2025-03-31 16:06:15,045 - FinancePreprocessing - INFO - Loading spaCy model en_core_web_sm
2025-03-31 16:06:15,509 - FinancePreprocessing - INFO - Lemmatizing text using spaCy
2025-03-31 16:06:48,667 - FinancePreprocessing - INFO - Padding/truncating sequences to length 128
2025-03-31 16:06:48,995 - FinancePreprocessing - INFO - Preprocessing completed in 36.52 seconds
2025-03-31 16:06:49,111 - FinancePreprocessing - INFO - Processed data saved to data/processed_data.csv
2025-03-31 16:06:49,273 - FinancePreprocessing - INFO - Preprocessing pipeline serialized to data/preprocessing_pipeline.pkl
2025-03-31 16:06:49,292 - FinancePreprocessing - INFO - Preprocessing completed successfully
2025-04-02 15:06:26,537 - numexpr.utils - INFO - NumExpr defaulting to 12 threads.
2025-04-02 15:06:39,153 - root - WARNING - Malformed experiment '276374957475256909'. Detailed error Yaml file './mlruns/276374957475256909/meta.yaml' does not exist.
Traceback (most recent call last):
  File "/Users/Fedo/Development/Anaconda/anaconda3/envs/sentiment_proj/lib/python3.11/site-packages/mlflow/store/tracking/file_store.py", line 328, in search_experiments
    exp = self._get_experiment(exp_id, view_type)
          ^^^^^^^^^^^^^^^^^^^^^^^^^^^^^^^^^^^^^^^
  File "/Users/Fedo/Development/Anaconda/anaconda3/envs/sentiment_proj/lib/python3.11/site-packages/mlflow/store/tracking/file_store.py", line 422, in _get_experiment
    meta = FileStore._read_yaml(experiment_dir, FileStore.META_DATA_FILE_NAME)
           ^^^^^^^^^^^^^^^^^^^^^^^^^^^^^^^^^^^^^^^^^^^^^^^^^^^^^^^^^^^^^^^^^^^
  File "/Users/Fedo/Development/Anaconda/anaconda3/envs/sentiment_proj/lib/python3.11/site-packages/mlflow/store/tracking/file_store.py", line 1368, in _read_yaml
    return _read_helper(root, file_name, attempts_remaining=retries)
           ^^^^^^^^^^^^^^^^^^^^^^^^^^^^^^^^^^^^^^^^^^^^^^^^^^^^^^^^^
  File "/Users/Fedo/Development/Anaconda/anaconda3/envs/sentiment_proj/lib/python3.11/site-packages/mlflow/store/tracking/file_store.py", line 1361, in _read_helper
    result = read_yaml(root, file_name)
             ^^^^^^^^^^^^^^^^^^^^^^^^^^
  File "/Users/Fedo/Development/Anaconda/anaconda3/envs/sentiment_proj/lib/python3.11/site-packages/mlflow/utils/file_utils.py", line 310, in read_yaml
    raise MissingConfigException(f"Yaml file '{file_path}' does not exist.")
mlflow.exceptions.MissingConfigException: Yaml file './mlruns/276374957475256909/meta.yaml' does not exist.
2025-04-02 15:06:39,323 - FinancePreprocessing - INFO - Started MLflow run with ID: 6c981473628346ca8d68ba98eb56e9b5
2025-04-02 15:06:39,325 - FinancePreprocessing - INFO - Loading data from data/data.csv
2025-04-02 15:06:39,347 - FinancePreprocessing - INFO - Building preprocessing pipeline
2025-04-02 15:06:42,283 - FinancePreprocessing - INFO - Removing HTML tags
2025-04-02 15:06:42,442 - FinancePreprocessing - INFO - Removing URLs
2025-04-02 15:06:42,453 - FinancePreprocessing - INFO - Replacing currency symbols/abbreviations
2025-04-02 15:06:42,586 - FinancePreprocessing - INFO - Replacing stock tickers
2025-04-02 15:06:42,588 - FinancePreprocessing - INFO - Normalizing date and time expressions
2025-04-02 15:06:42,755 - FinancePreprocessing - INFO - Normalizing numeric expressions
2025-04-02 15:06:42,835 - FinancePreprocessing - INFO - Removing punctuation marks
2025-04-02 15:06:42,887 - FinancePreprocessing - INFO - Removing special characters
2025-04-02 15:06:42,899 - FinancePreprocessing - INFO - Normalizing whitespace
2025-04-02 15:06:42,937 - FinancePreprocessing - INFO - Lowercasing text
2025-04-02 15:06:42,947 - FinancePreprocessing - INFO - Removing stop words
2025-04-02 15:06:42,969 - FinancePreprocessing - INFO - Loading spaCy model en_core_web_sm
2025-04-02 15:06:43,523 - FinancePreprocessing - INFO - Lemmatizing text using spaCy
2025-04-02 15:07:52,943 - FinancePreprocessing - INFO - Preprocessing completed in 70.66 seconds
2025-04-02 15:07:52,945 - FinancePreprocessing - ERROR - Error in preprocessing: 'list' object has no attribute 'tolist'
2025-04-02 15:07:52,945 - FinancePreprocessing - ERROR - Error in main: 'list' object has no attribute 'tolist'
2025-04-02 15:10:00,939 - numexpr.utils - INFO - NumExpr defaulting to 12 threads.
2025-04-02 15:10:12,860 - root - WARNING - Malformed experiment '276374957475256909'. Detailed error Yaml file './mlruns/276374957475256909/meta.yaml' does not exist.
Traceback (most recent call last):
  File "/Users/Fedo/Development/Anaconda/anaconda3/envs/sentiment_proj/lib/python3.11/site-packages/mlflow/store/tracking/file_store.py", line 328, in search_experiments
    exp = self._get_experiment(exp_id, view_type)
          ^^^^^^^^^^^^^^^^^^^^^^^^^^^^^^^^^^^^^^^
  File "/Users/Fedo/Development/Anaconda/anaconda3/envs/sentiment_proj/lib/python3.11/site-packages/mlflow/store/tracking/file_store.py", line 422, in _get_experiment
    meta = FileStore._read_yaml(experiment_dir, FileStore.META_DATA_FILE_NAME)
           ^^^^^^^^^^^^^^^^^^^^^^^^^^^^^^^^^^^^^^^^^^^^^^^^^^^^^^^^^^^^^^^^^^^
  File "/Users/Fedo/Development/Anaconda/anaconda3/envs/sentiment_proj/lib/python3.11/site-packages/mlflow/store/tracking/file_store.py", line 1368, in _read_yaml
    return _read_helper(root, file_name, attempts_remaining=retries)
           ^^^^^^^^^^^^^^^^^^^^^^^^^^^^^^^^^^^^^^^^^^^^^^^^^^^^^^^^^
  File "/Users/Fedo/Development/Anaconda/anaconda3/envs/sentiment_proj/lib/python3.11/site-packages/mlflow/store/tracking/file_store.py", line 1361, in _read_helper
    result = read_yaml(root, file_name)
             ^^^^^^^^^^^^^^^^^^^^^^^^^^
  File "/Users/Fedo/Development/Anaconda/anaconda3/envs/sentiment_proj/lib/python3.11/site-packages/mlflow/utils/file_utils.py", line 310, in read_yaml
    raise MissingConfigException(f"Yaml file '{file_path}' does not exist.")
mlflow.exceptions.MissingConfigException: Yaml file './mlruns/276374957475256909/meta.yaml' does not exist.
2025-04-02 15:10:13,009 - FinancePreprocessing - INFO - Started MLflow run with ID: 5f319534ada14043a960614c58ffe2a7
2025-04-02 15:10:13,012 - FinancePreprocessing - INFO - Loading data from data/data.csv
2025-04-02 15:10:13,034 - FinancePreprocessing - INFO - Building preprocessing pipeline
2025-04-02 15:10:13,804 - FinancePreprocessing - INFO - Removing HTML tags
2025-04-02 15:10:13,959 - FinancePreprocessing - INFO - Removing URLs
2025-04-02 15:10:13,969 - FinancePreprocessing - INFO - Replacing currency symbols/abbreviations
2025-04-02 15:10:14,101 - FinancePreprocessing - INFO - Replacing stock tickers
2025-04-02 15:10:14,104 - FinancePreprocessing - INFO - Normalizing date and time expressions
2025-04-02 15:10:14,275 - FinancePreprocessing - INFO - Normalizing numeric expressions
2025-04-02 15:10:14,358 - FinancePreprocessing - INFO - Removing punctuation marks
2025-04-02 15:10:14,410 - FinancePreprocessing - INFO - Removing special characters
2025-04-02 15:10:14,423 - FinancePreprocessing - INFO - Normalizing whitespace
2025-04-02 15:10:14,458 - FinancePreprocessing - INFO - Lowercasing text
2025-04-02 15:10:14,468 - FinancePreprocessing - INFO - Removing stop words
2025-04-02 15:10:14,490 - FinancePreprocessing - INFO - Loading spaCy model en_core_web_sm
2025-04-02 15:10:14,960 - FinancePreprocessing - INFO - Lemmatizing text using spaCy
2025-04-02 15:11:22,311 - FinancePreprocessing - INFO - Preprocessing completed in 68.50 seconds
2025-04-02 15:11:22,418 - FinancePreprocessing - INFO - Processed data saved to data/cleaned_data.csv
2025-04-02 15:11:22,658 - FinancePreprocessing - INFO - Preprocessing pipeline serialized to data/preprocessing_pipeline.pkl
2025-04-02 15:11:22,678 - FinancePreprocessing - INFO - Preprocessing completed successfully
2025-04-02 15:13:20,527 - numexpr.utils - INFO - NumExpr defaulting to 12 threads.
2025-04-02 15:13:31,940 - root - WARNING - Malformed experiment '276374957475256909'. Detailed error Yaml file './mlruns/276374957475256909/meta.yaml' does not exist.
Traceback (most recent call last):
  File "/Users/Fedo/Development/Anaconda/anaconda3/envs/sentiment_proj/lib/python3.11/site-packages/mlflow/store/tracking/file_store.py", line 328, in search_experiments
    exp = self._get_experiment(exp_id, view_type)
          ^^^^^^^^^^^^^^^^^^^^^^^^^^^^^^^^^^^^^^^
  File "/Users/Fedo/Development/Anaconda/anaconda3/envs/sentiment_proj/lib/python3.11/site-packages/mlflow/store/tracking/file_store.py", line 422, in _get_experiment
    meta = FileStore._read_yaml(experiment_dir, FileStore.META_DATA_FILE_NAME)
           ^^^^^^^^^^^^^^^^^^^^^^^^^^^^^^^^^^^^^^^^^^^^^^^^^^^^^^^^^^^^^^^^^^^
  File "/Users/Fedo/Development/Anaconda/anaconda3/envs/sentiment_proj/lib/python3.11/site-packages/mlflow/store/tracking/file_store.py", line 1368, in _read_yaml
    return _read_helper(root, file_name, attempts_remaining=retries)
           ^^^^^^^^^^^^^^^^^^^^^^^^^^^^^^^^^^^^^^^^^^^^^^^^^^^^^^^^^
  File "/Users/Fedo/Development/Anaconda/anaconda3/envs/sentiment_proj/lib/python3.11/site-packages/mlflow/store/tracking/file_store.py", line 1361, in _read_helper
    result = read_yaml(root, file_name)
             ^^^^^^^^^^^^^^^^^^^^^^^^^^
  File "/Users/Fedo/Development/Anaconda/anaconda3/envs/sentiment_proj/lib/python3.11/site-packages/mlflow/utils/file_utils.py", line 310, in read_yaml
    raise MissingConfigException(f"Yaml file '{file_path}' does not exist.")
mlflow.exceptions.MissingConfigException: Yaml file './mlruns/276374957475256909/meta.yaml' does not exist.
2025-04-02 15:13:32,087 - FinancePreprocessing - INFO - Started MLflow run with ID: 5e7c835228144358afa0234ed22c7069
2025-04-02 15:13:32,089 - FinancePreprocessing - INFO - Loading data from data/data.csv
2025-04-02 15:13:32,108 - FinancePreprocessing - INFO - Building preprocessing pipeline
2025-04-02 15:13:32,742 - FinancePreprocessing - INFO - Removing HTML tags
2025-04-02 15:13:32,904 - FinancePreprocessing - INFO - Removing URLs
2025-04-02 15:13:32,914 - FinancePreprocessing - INFO - Replacing currency symbols/abbreviations
2025-04-02 15:13:33,044 - FinancePreprocessing - INFO - Replacing stock tickers
2025-04-02 15:13:33,047 - FinancePreprocessing - INFO - Normalizing date and time expressions
2025-04-02 15:13:33,213 - FinancePreprocessing - INFO - Normalizing numeric expressions
2025-04-02 15:13:33,298 - FinancePreprocessing - INFO - Removing punctuation marks
2025-04-02 15:13:33,349 - FinancePreprocessing - INFO - Removing special characters
2025-04-02 15:13:33,366 - FinancePreprocessing - INFO - Normalizing whitespace
2025-04-02 15:13:33,405 - FinancePreprocessing - INFO - Lowercasing text
2025-04-02 15:13:33,421 - FinancePreprocessing - INFO - Removing stop words
2025-04-02 15:13:33,457 - FinancePreprocessing - INFO - Preprocessing completed in 0.71 seconds
2025-04-02 15:13:33,476 - FinancePreprocessing - INFO - Processed data saved to data/cleaned_data.csv
2025-04-02 15:13:33,479 - FinancePreprocessing - INFO - Preprocessing pipeline serialized to data/preprocessing_pipeline.pkl
2025-04-02 15:13:33,485 - FinancePreprocessing - INFO - Preprocessing completed successfully
2025-04-03 11:46:17,797 - numexpr.utils - INFO - NumExpr defaulting to 12 threads.
2025-04-03 11:47:15,606 - FinancePreprocessing - INFO - Started MLflow run with ID: ae0633418288438d8aa6f7284620793d
2025-04-03 11:47:15,609 - FinancePreprocessing - INFO - Loading data from data/data.csv
2025-04-03 11:47:15,633 - FinancePreprocessing - INFO - Building preprocessing pipeline
2025-04-03 11:47:18,637 - FinancePreprocessing - INFO - Removing HTML tags
2025-04-03 11:47:18,802 - FinancePreprocessing - INFO - Removing URLs
2025-04-03 11:47:18,812 - FinancePreprocessing - INFO - Replacing currency symbols/abbreviations
2025-04-03 11:47:18,945 - FinancePreprocessing - INFO - Replacing stock tickers
2025-04-03 11:47:18,948 - FinancePreprocessing - INFO - Normalizing date and time expressions
2025-04-03 11:47:19,113 - FinancePreprocessing - INFO - Normalizing numeric expressions
2025-04-03 11:47:19,191 - FinancePreprocessing - INFO - Removing punctuation marks
2025-04-03 11:47:19,240 - FinancePreprocessing - INFO - Removing special characters
2025-04-03 11:47:19,252 - FinancePreprocessing - INFO - Normalizing whitespace
2025-04-03 11:47:19,288 - FinancePreprocessing - INFO - Lowercasing text
2025-04-03 11:47:19,299 - FinancePreprocessing - INFO - Removing stop words
2025-04-03 11:47:19,323 - FinancePreprocessing - INFO - Preprocessing completed in 0.69 seconds
2025-04-03 11:47:19,345 - FinancePreprocessing - INFO - Processed data saved to data/cleaned_data.csv
2025-04-03 11:47:19,350 - FinancePreprocessing - INFO - Preprocessing pipeline serialized to data/preprocessing_pipeline.pkl
2025-04-03 11:47:19,356 - FinancePreprocessing - INFO - Preprocessing completed successfully
2025-04-03 11:52:22,948 - numexpr.utils - INFO - NumExpr defaulting to 12 threads.
2025-04-03 11:52:34,869 - FinancePreprocessing - INFO - Started MLflow run with ID: 6c5a49f7a26f495b9e39475945ac19a8
2025-04-03 11:52:34,872 - FinancePreprocessing - INFO - Loading data from data/data.csv
2025-04-03 11:52:34,892 - FinancePreprocessing - INFO - Building preprocessing pipeline
2025-04-03 11:52:35,655 - FinancePreprocessing - INFO - Removing HTML tags
2025-04-03 11:52:35,818 - FinancePreprocessing - INFO - Removing URLs
2025-04-03 11:52:35,827 - FinancePreprocessing - INFO - Replacing currency symbols/abbreviations
2025-04-03 11:52:35,956 - FinancePreprocessing - INFO - Replacing stock tickers
2025-04-03 11:52:35,959 - FinancePreprocessing - INFO - Normalizing date and time expressions
2025-04-03 11:52:36,136 - FinancePreprocessing - INFO - Normalizing numeric expressions
2025-04-03 11:52:36,240 - FinancePreprocessing - INFO - Removing punctuation marks
2025-04-03 11:52:36,290 - FinancePreprocessing - INFO - Removing special characters
2025-04-03 11:52:36,302 - FinancePreprocessing - INFO - Normalizing whitespace
2025-04-03 11:52:36,337 - FinancePreprocessing - INFO - Lowercasing text
2025-04-03 11:52:36,347 - FinancePreprocessing - INFO - Removing stop words
2025-04-03 11:52:36,371 - FinancePreprocessing - INFO - Preprocessing completed in 0.72 seconds
2025-04-03 11:52:36,389 - FinancePreprocessing - INFO - Processed data saved to data/cleaned_data.csv
2025-04-03 11:52:36,391 - FinancePreprocessing - INFO - Preprocessing pipeline serialized to data/preprocessing_pipeline.pkl
2025-04-03 11:52:36,397 - FinancePreprocessing - INFO - Preprocessing completed successfully
2025-04-03 11:52:55,482 - numexpr.utils - INFO - NumExpr defaulting to 12 threads.
2025-04-03 11:53:05,755 - FinancePreprocessing - INFO - Started MLflow run with ID: 2329cff90aa04677ac3516ea6921154d
2025-04-03 11:53:05,757 - FinancePreprocessing - INFO - Loading data from data/data.csv
2025-04-03 11:53:05,776 - FinancePreprocessing - INFO - Building preprocessing pipeline
2025-04-03 11:53:06,419 - FinancePreprocessing - INFO - Removing HTML tags
2025-04-03 11:53:06,580 - FinancePreprocessing - INFO - Removing URLs
2025-04-03 11:53:06,590 - FinancePreprocessing - INFO - Replacing currency symbols/abbreviations
2025-04-03 11:53:06,717 - FinancePreprocessing - INFO - Replacing stock tickers
2025-04-03 11:53:06,720 - FinancePreprocessing - INFO - Normalizing date and time expressions
2025-04-03 11:53:06,886 - FinancePreprocessing - INFO - Normalizing numeric expressions
2025-04-03 11:53:06,977 - FinancePreprocessing - INFO - Removing punctuation marks
2025-04-03 11:53:07,029 - FinancePreprocessing - INFO - Removing special characters
2025-04-03 11:53:07,041 - FinancePreprocessing - INFO - Normalizing whitespace
2025-04-03 11:53:07,077 - FinancePreprocessing - INFO - Lowercasing text
2025-04-03 11:53:07,087 - FinancePreprocessing - INFO - Removing stop words
2025-04-03 11:53:07,110 - FinancePreprocessing - INFO - Preprocessing completed in 0.69 seconds
2025-04-03 11:53:07,128 - FinancePreprocessing - INFO - Processed data saved to data/cleaned_data.csv
2025-04-03 11:53:07,130 - FinancePreprocessing - INFO - Preprocessing pipeline serialized to data/preprocessing_pipeline.pkl
2025-04-03 11:53:07,135 - FinancePreprocessing - INFO - Preprocessing completed successfully
